{"/home/nataset/workfolder/js/webtech/webtech-final/frontend/src/components/home/EnterRoom.vue": {"path":"/home/nataset/workfolder/js/webtech/webtech-final/frontend/src/components/home/EnterRoom.vue","statementMap":{"0":{"start":{"line":83,"column":0},"end":{"line":83,"column":null}},"1":{"start":{"line":89,"column":0},"end":{"line":89,"column":null}},"2":{"start":{"line":99,"column":0},"end":{"line":99,"column":null}},"3":{"start":{"line":103,"column":0},"end":{"line":107,"column":null}},"4":{"start":{"line":104,"column":0},"end":{"line":104,"column":null}},"5":{"start":{"line":105,"column":0},"end":{"line":105,"column":null}},"6":{"start":{"line":106,"column":0},"end":{"line":106,"column":null}},"7":{"start":{"line":112,"column":0},"end":{"line":112,"column":null}},"8":{"start":{"line":118,"column":0},"end":{"line":118,"column":null}}},"fnMap":{"0":{"name":"(anonymous_1)","decl":{"start":{"line":88,"column":0},"end":{"line":88,"column":null}},"loc":{"start":{"line":88,"column":0},"end":{"line":96,"column":null}}},"1":{"name":"(anonymous_2)","decl":{"start":{"line":98,"column":0},"end":{"line":98,"column":null}},"loc":{"start":{"line":98,"column":0},"end":{"line":100,"column":null}}},"2":{"name":"(anonymous_3)","decl":{"start":{"line":102,"column":0},"end":{"line":102,"column":null}},"loc":{"start":{"line":102,"column":0},"end":{"line":109,"column":null}}},"3":{"name":"(anonymous_4)","decl":{"start":{"line":103,"column":0},"end":{"line":103,"column":null}},"loc":{"start":{"line":103,"column":0},"end":{"line":107,"column":null}}},"4":{"name":"(anonymous_5)","decl":{"start":{"line":111,"column":0},"end":{"line":111,"column":null}},"loc":{"start":{"line":111,"column":0},"end":{"line":113,"column":null}}},"5":{"name":"(anonymous_6)","decl":{"start":{"line":117,"column":0},"end":{"line":117,"column":null}},"loc":{"start":{"line":117,"column":0},"end":{"line":119,"column":null}}}},"branchMap":{"0":{"loc":{"start":{"line":112,"column":0},"end":{"line":112,"column":null}},"type":"cond-expr","locations":[{"start":{"line":112,"column":0},"end":{"line":112,"column":null}},{"start":{"line":112,"column":0},"end":{"line":112,"column":null}}]}},"s":{"0":1,"1":0,"2":0,"3":0,"4":0,"5":0,"6":0,"7":0,"8":0},"f":{"0":0,"1":0,"2":0,"3":0,"4":0,"5":0},"b":{"0":[0,0]}}
,"/home/nataset/workfolder/js/webtech/webtech-final/frontend/src/store/GameStore.js": {"path":"/home/nataset/workfolder/js/webtech/webtech-final/frontend/src/store/GameStore.js","statementMap":{"0":{"start":{"line":5,"column":0},"end":{"line":5,"column":14}},"1":{"start":{"line":7,"column":27},"end":{"line":7,"column":92}},"2":{"start":{"line":8,"column":15},"end":{"line":8,"column":37}},"3":{"start":{"line":18,"column":34},"end":{"line":18,"column":52}},"4":{"start":{"line":19,"column":30},"end":{"line":19,"column":44}},"5":{"start":{"line":20,"column":28},"end":{"line":20,"column":40}},"6":{"start":{"line":21,"column":31},"end":{"line":21,"column":46}},"7":{"start":{"line":25,"column":12},"end":{"line":25,"column":40}},"8":{"start":{"line":28,"column":12},"end":{"line":28,"column":34}},"9":{"start":{"line":31,"column":12},"end":{"line":31,"column":36}},"10":{"start":{"line":34,"column":12},"end":{"line":34,"column":34}}},"fnMap":{"0":{"name":"(anonymous_0)","decl":{"start":{"line":18,"column":25},"end":{"line":18,"column":26}},"loc":{"start":{"line":18,"column":34},"end":{"line":18,"column":52}},"line":18},"1":{"name":"(anonymous_1)","decl":{"start":{"line":19,"column":21},"end":{"line":19,"column":22}},"loc":{"start":{"line":19,"column":30},"end":{"line":19,"column":44}},"line":19},"2":{"name":"(anonymous_2)","decl":{"start":{"line":20,"column":19},"end":{"line":20,"column":20}},"loc":{"start":{"line":20,"column":28},"end":{"line":20,"column":40}},"line":20},"3":{"name":"(anonymous_3)","decl":{"start":{"line":21,"column":22},"end":{"line":21,"column":23}},"loc":{"start":{"line":21,"column":31},"end":{"line":21,"column":46}},"line":21},"4":{"name":"(anonymous_4)","decl":{"start":{"line":24,"column":8},"end":{"line":24,"column":9}},"loc":{"start":{"line":24,"column":39},"end":{"line":26,"column":9}},"line":24},"5":{"name":"(anonymous_5)","decl":{"start":{"line":27,"column":8},"end":{"line":27,"column":9}},"loc":{"start":{"line":27,"column":33},"end":{"line":29,"column":9}},"line":27},"6":{"name":"(anonymous_6)","decl":{"start":{"line":30,"column":8},"end":{"line":30,"column":9}},"loc":{"start":{"line":30,"column":35},"end":{"line":32,"column":9}},"line":30},"7":{"name":"(anonymous_7)","decl":{"start":{"line":33,"column":8},"end":{"line":33,"column":9}},"loc":{"start":{"line":33,"column":33},"end":{"line":35,"column":9}},"line":33}},"branchMap":{"0":{"loc":{"start":{"line":7,"column":27},"end":{"line":7,"column":92}},"type":"binary-expr","locations":[{"start":{"line":7,"column":27},"end":{"line":7,"column":65}},{"start":{"line":7,"column":69},"end":{"line":7,"column":92}}],"line":7}},"s":{"0":1,"1":1,"2":1,"3":0,"4":0,"5":1,"6":0,"7":1,"8":1,"9":1,"10":0},"f":{"0":0,"1":0,"2":1,"3":0,"4":1,"5":1,"6":1,"7":0},"b":{"0":[1,1]},"_coverageSchema":"43e27e138ebf9cfc5966b082cf9a028302ed4184","hash":"1e76c120c902a0bf8affbfbb319f9d45ca05b2fe"}
,"/home/nataset/workfolder/js/webtech/webtech-final/frontend/src/views/Home.vue": {"path":"/home/nataset/workfolder/js/webtech/webtech-final/frontend/src/views/Home.vue","statementMap":{"0":{"start":{"line":154,"column":0},"end":{"line":154,"column":null}},"1":{"start":{"line":155,"column":0},"end":{"line":155,"column":null}},"2":{"start":{"line":161,"column":0},"end":{"line":161,"column":null}},"3":{"start":{"line":170,"column":0},"end":{"line":170,"column":null}},"4":{"start":{"line":173,"column":0},"end":{"line":173,"column":null}},"5":{"start":{"line":174,"column":0},"end":{"line":174,"column":null}},"6":{"start":{"line":177,"column":0},"end":{"line":177,"column":null}},"7":{"start":{"line":178,"column":0},"end":{"line":178,"column":null}},"8":{"start":{"line":179,"column":0},"end":{"line":179,"column":null}},"9":{"start":{"line":182,"column":0},"end":{"line":194,"column":null}},"10":{"start":{"line":184,"column":0},"end":{"line":184,"column":null}},"11":{"start":{"line":185,"column":0},"end":{"line":187,"column":null}},"12":{"start":{"line":186,"column":0},"end":{"line":186,"column":null}},"13":{"start":{"line":190,"column":0},"end":{"line":190,"column":null}},"14":{"start":{"line":191,"column":0},"end":{"line":193,"column":null}},"15":{"start":{"line":192,"column":0},"end":{"line":192,"column":null}},"16":{"start":{"line":195,"column":0},"end":{"line":195,"column":null}},"17":{"start":{"line":199,"column":0},"end":{"line":199,"column":null}},"18":{"start":{"line":200,"column":0},"end":{"line":200,"column":null}},"19":{"start":{"line":204,"column":0},"end":{"line":204,"column":null}},"20":{"start":{"line":205,"column":0},"end":{"line":205,"column":null}},"21":{"start":{"line":209,"column":0},"end":{"line":209,"column":null}},"22":{"start":{"line":210,"column":0},"end":{"line":210,"column":null}},"23":{"start":{"line":211,"column":0},"end":{"line":211,"column":null}},"24":{"start":{"line":212,"column":0},"end":{"line":212,"column":null}},"25":{"start":{"line":216,"column":0},"end":{"line":218,"column":null}},"26":{"start":{"line":217,"column":0},"end":{"line":217,"column":null}},"27":{"start":{"line":220,"column":0},"end":{"line":224,"column":null}},"28":{"start":{"line":221,"column":0},"end":{"line":221,"column":null}},"29":{"start":{"line":222,"column":0},"end":{"line":222,"column":null}},"30":{"start":{"line":223,"column":0},"end":{"line":223,"column":null}},"31":{"start":{"line":226,"column":0},"end":{"line":230,"column":null}},"32":{"start":{"line":227,"column":0},"end":{"line":227,"column":null}},"33":{"start":{"line":228,"column":0},"end":{"line":228,"column":null}},"34":{"start":{"line":229,"column":0},"end":{"line":229,"column":null}},"35":{"start":{"line":234,"column":0},"end":{"line":234,"column":null}},"36":{"start":{"line":235,"column":0},"end":{"line":235,"column":null}},"37":{"start":{"line":236,"column":0},"end":{"line":236,"column":null}}},"fnMap":{"0":{"name":"(anonymous_1)","decl":{"start":{"line":160,"column":0},"end":{"line":160,"column":null}},"loc":{"start":{"line":160,"column":0},"end":{"line":167,"column":null}}},"1":{"name":"(anonymous_2)","decl":{"start":{"line":169,"column":0},"end":{"line":169,"column":null}},"loc":{"start":{"line":169,"column":0},"end":{"line":171,"column":null}}},"2":{"name":"(anonymous_3)","decl":{"start":{"line":172,"column":0},"end":{"line":172,"column":null}},"loc":{"start":{"line":172,"column":0},"end":{"line":175,"column":null}}},"3":{"name":"(anonymous_4)","decl":{"start":{"line":176,"column":0},"end":{"line":176,"column":null}},"loc":{"start":{"line":176,"column":0},"end":{"line":180,"column":null}}},"4":{"name":"(anonymous_5)","decl":{"start":{"line":181,"column":0},"end":{"line":181,"column":null}},"loc":{"start":{"line":181,"column":0},"end":{"line":196,"column":null}}},"5":{"name":"(anonymous_6)","decl":{"start":{"line":185,"column":0},"end":{"line":185,"column":null}},"loc":{"start":{"line":185,"column":0},"end":{"line":187,"column":null}}},"6":{"name":"(anonymous_7)","decl":{"start":{"line":191,"column":0},"end":{"line":191,"column":null}},"loc":{"start":{"line":191,"column":0},"end":{"line":193,"column":null}}},"7":{"name":"(anonymous_8)","decl":{"start":{"line":198,"column":0},"end":{"line":198,"column":null}},"loc":{"start":{"line":198,"column":0},"end":{"line":201,"column":null}}},"8":{"name":"(anonymous_9)","decl":{"start":{"line":203,"column":0},"end":{"line":203,"column":null}},"loc":{"start":{"line":203,"column":0},"end":{"line":206,"column":null}}},"9":{"name":"(anonymous_10)","decl":{"start":{"line":208,"column":0},"end":{"line":208,"column":null}},"loc":{"start":{"line":208,"column":0},"end":{"line":213,"column":null}}},"10":{"name":"(anonymous_11)","decl":{"start":{"line":215,"column":0},"end":{"line":215,"column":null}},"loc":{"start":{"line":215,"column":0},"end":{"line":231,"column":null}}},"11":{"name":"(anonymous_12)","decl":{"start":{"line":216,"column":0},"end":{"line":216,"column":null}},"loc":{"start":{"line":216,"column":0},"end":{"line":218,"column":null}}},"12":{"name":"(anonymous_13)","decl":{"start":{"line":220,"column":0},"end":{"line":220,"column":null}},"loc":{"start":{"line":220,"column":0},"end":{"line":224,"column":null}}},"13":{"name":"(anonymous_14)","decl":{"start":{"line":226,"column":0},"end":{"line":226,"column":null}},"loc":{"start":{"line":226,"column":0},"end":{"line":230,"column":null}}},"14":{"name":"(anonymous_15)","decl":{"start":{"line":233,"column":0},"end":{"line":233,"column":null}},"loc":{"start":{"line":233,"column":0},"end":{"line":237,"column":null}}}},"branchMap":{"0":{"loc":{"start":{"line":182,"column":0},"end":{"line":194,"column":null}},"type":"if","locations":[{"start":{"line":182,"column":0},"end":{"line":194,"column":null}},{"start":{"line":182,"column":0},"end":{"line":194,"column":null}}]}},"s":{"0":1,"1":1,"2":1,"3":0,"4":0,"5":0,"6":0,"7":0,"8":0,"9":0,"10":0,"11":0,"12":0,"13":0,"14":0,"15":0,"16":0,"17":0,"18":0,"19":0,"20":0,"21":1,"22":1,"23":1,"24":1,"25":1,"26":0,"27":1,"28":0,"29":0,"30":0,"31":1,"32":0,"33":0,"34":0,"35":1,"36":1,"37":1},"f":{"0":1,"1":0,"2":0,"3":0,"4":0,"5":0,"6":0,"7":0,"8":0,"9":1,"10":1,"11":0,"12":0,"13":0,"14":1},"b":{"0":[0,0]}}
}
