{"/home/nataset/workfolder/js/webtech/webtech-final/frontend/src/components/chat/Chat.vue": {"path":"/home/nataset/workfolder/js/webtech/webtech-final/frontend/src/components/chat/Chat.vue","statementMap":{"0":{"start":{"line":23,"column":0},"end":{"line":23,"column":null}},"1":{"start":{"line":24,"column":0},"end":{"line":24,"column":null}},"2":{"start":{"line":25,"column":0},"end":{"line":25,"column":null}},"3":{"start":{"line":28,"column":0},"end":{"line":28,"column":null}},"4":{"start":{"line":37,"column":0},"end":{"line":37,"column":null}},"5":{"start":{"line":38,"column":0},"end":{"line":38,"column":null}},"6":{"start":{"line":42,"column":0},"end":{"line":42,"column":null}},"7":{"start":{"line":45,"column":0},"end":{"line":45,"column":null}},"8":{"start":{"line":46,"column":0},"end":{"line":46,"column":null}},"9":{"start":{"line":47,"column":0},"end":{"line":47,"column":null}},"10":{"start":{"line":50,"column":0},"end":{"line":50,"column":null}}},"fnMap":{"0":{"name":"(anonymous_1)","decl":{"start":{"line":27,"column":0},"end":{"line":27,"column":null}},"loc":{"start":{"line":27,"column":0},"end":{"line":34,"column":null}}},"1":{"name":"(anonymous_2)","decl":{"start":{"line":36,"column":0},"end":{"line":36,"column":null}},"loc":{"start":{"line":36,"column":0},"end":{"line":39,"column":null}}},"2":{"name":"(anonymous_3)","decl":{"start":{"line":41,"column":0},"end":{"line":41,"column":null}},"loc":{"start":{"line":41,"column":0},"end":{"line":43,"column":null}}},"3":{"name":"(anonymous_4)","decl":{"start":{"line":44,"column":0},"end":{"line":44,"column":null}},"loc":{"start":{"line":44,"column":0},"end":{"line":48,"column":null}}},"4":{"name":"(anonymous_5)","decl":{"start":{"line":49,"column":0},"end":{"line":49,"column":null}},"loc":{"start":{"line":49,"column":0},"end":{"line":51,"column":null}}}},"branchMap":{},"s":{"0":1,"1":1,"2":1,"3":0,"4":0,"5":0,"6":0,"7":0,"8":0,"9":0,"10":0},"f":{"0":0,"1":0,"2":0,"3":0,"4":0},"b":{}}
,"/home/nataset/workfolder/js/webtech/webtech-final/frontend/src/components/home/EnterRoom.vue": {"path":"/home/nataset/workfolder/js/webtech/webtech-final/frontend/src/components/home/EnterRoom.vue","statementMap":{"0":{"start":{"line":102,"column":0},"end":{"line":102,"column":null}},"1":{"start":{"line":103,"column":0},"end":{"line":103,"column":null}},"2":{"start":{"line":104,"column":0},"end":{"line":104,"column":null}},"3":{"start":{"line":110,"column":0},"end":{"line":110,"column":null}},"4":{"start":{"line":120,"column":0},"end":{"line":120,"column":null}},"5":{"start":{"line":124,"column":0},"end":{"line":124,"column":null}},"6":{"start":{"line":125,"column":0},"end":{"line":125,"column":null}},"7":{"start":{"line":129,"column":0},"end":{"line":129,"column":null}},"8":{"start":{"line":133,"column":0},"end":{"line":137,"column":null}},"9":{"start":{"line":134,"column":0},"end":{"line":134,"column":null}},"10":{"start":{"line":135,"column":0},"end":{"line":135,"column":null}},"11":{"start":{"line":136,"column":0},"end":{"line":136,"column":null}},"12":{"start":{"line":141,"column":0},"end":{"line":141,"column":null}},"13":{"start":{"line":146,"column":0},"end":{"line":146,"column":null}}},"fnMap":{"0":{"name":"(anonymous_1)","decl":{"start":{"line":109,"column":0},"end":{"line":109,"column":null}},"loc":{"start":{"line":109,"column":0},"end":{"line":117,"column":null}}},"1":{"name":"(anonymous_2)","decl":{"start":{"line":119,"column":0},"end":{"line":119,"column":null}},"loc":{"start":{"line":119,"column":0},"end":{"line":121,"column":null}}},"2":{"name":"(anonymous_3)","decl":{"start":{"line":123,"column":0},"end":{"line":123,"column":null}},"loc":{"start":{"line":123,"column":0},"end":{"line":126,"column":null}}},"3":{"name":"(anonymous_4)","decl":{"start":{"line":128,"column":0},"end":{"line":128,"column":null}},"loc":{"start":{"line":128,"column":0},"end":{"line":130,"column":null}}},"4":{"name":"(anonymous_5)","decl":{"start":{"line":132,"column":0},"end":{"line":132,"column":null}},"loc":{"start":{"line":132,"column":0},"end":{"line":138,"column":null}}},"5":{"name":"(anonymous_6)","decl":{"start":{"line":133,"column":0},"end":{"line":133,"column":null}},"loc":{"start":{"line":133,"column":0},"end":{"line":137,"column":null}}},"6":{"name":"(anonymous_7)","decl":{"start":{"line":140,"column":0},"end":{"line":140,"column":null}},"loc":{"start":{"line":140,"column":0},"end":{"line":142,"column":null}}},"7":{"name":"(anonymous_8)","decl":{"start":{"line":145,"column":0},"end":{"line":145,"column":null}},"loc":{"start":{"line":145,"column":0},"end":{"line":147,"column":null}}}},"branchMap":{"0":{"loc":{"start":{"line":141,"column":0},"end":{"line":141,"column":null}},"type":"cond-expr","locations":[{"start":{"line":141,"column":0},"end":{"line":141,"column":null}},{"start":{"line":141,"column":0},"end":{"line":141,"column":null}}]}},"s":{"0":1,"1":1,"2":1,"3":0,"4":0,"5":0,"6":0,"7":0,"8":0,"9":0,"10":0,"11":0,"12":0,"13":0},"f":{"0":0,"1":0,"2":0,"3":0,"4":0,"5":0,"6":0,"7":0},"b":{"0":[0,0]}}
,"/home/nataset/workfolder/js/webtech/webtech-final/frontend/src/components/inventory/InventoryTable.vue": {"path":"/home/nataset/workfolder/js/webtech/webtech-final/frontend/src/components/inventory/InventoryTable.vue","statementMap":{"0":{"start":{"line":206,"column":0},"end":{"line":206,"column":null}},"1":{"start":{"line":207,"column":0},"end":{"line":207,"column":null}},"2":{"start":{"line":205,"column":0},"end":{"line":205,"column":null}},"3":{"start":{"line":210,"column":0},"end":{"line":210,"column":null}},"4":{"start":{"line":220,"column":0},"end":{"line":220,"column":null}},"5":{"start":{"line":221,"column":0},"end":{"line":221,"column":null}},"6":{"start":{"line":222,"column":0},"end":{"line":222,"column":null}},"7":{"start":{"line":224,"column":0},"end":{"line":224,"column":null}},"8":{"start":{"line":225,"column":0},"end":{"line":225,"column":null}},"9":{"start":{"line":229,"column":0},"end":{"line":229,"column":null}},"10":{"start":{"line":232,"column":0},"end":{"line":232,"column":null}},"11":{"start":{"line":233,"column":0},"end":{"line":233,"column":null}},"12":{"start":{"line":236,"column":0},"end":{"line":236,"column":null}},"13":{"start":{"line":237,"column":0},"end":{"line":237,"column":null}},"14":{"start":{"line":240,"column":0},"end":{"line":240,"column":null}},"15":{"start":{"line":241,"column":0},"end":{"line":241,"column":null}},"16":{"start":{"line":244,"column":0},"end":{"line":244,"column":null}},"17":{"start":{"line":245,"column":0},"end":{"line":245,"column":null}},"18":{"start":{"line":248,"column":0},"end":{"line":248,"column":null}},"19":{"start":{"line":252,"column":0},"end":{"line":252,"column":null}},"20":{"start":{"line":256,"column":0},"end":{"line":256,"column":null}},"21":{"start":{"line":258,"column":0},"end":{"line":258,"column":null}},"22":{"start":{"line":259,"column":0},"end":{"line":259,"column":null}},"23":{"start":{"line":262,"column":0},"end":{"line":262,"column":null}},"24":{"start":{"line":266,"column":0},"end":{"line":266,"column":null}},"25":{"start":{"line":268,"column":0},"end":{"line":268,"column":null}},"26":{"start":{"line":269,"column":0},"end":{"line":269,"column":null}},"27":{"start":{"line":271,"column":0},"end":{"line":271,"column":null}},"28":{"start":{"line":275,"column":0},"end":{"line":285,"column":null}},"29":{"start":{"line":279,"column":0},"end":{"line":279,"column":null}},"30":{"start":{"line":280,"column":0},"end":{"line":280,"column":null}},"31":{"start":{"line":281,"column":0},"end":{"line":281,"column":null}},"32":{"start":{"line":283,"column":0},"end":{"line":283,"column":null}},"33":{"start":{"line":284,"column":0},"end":{"line":284,"column":null}}},"fnMap":{"0":{"name":"(anonymous_1)","decl":{"start":{"line":209,"column":0},"end":{"line":209,"column":null}},"loc":{"start":{"line":209,"column":0},"end":{"line":217,"column":null}}},"1":{"name":"(anonymous_2)","decl":{"start":{"line":219,"column":0},"end":{"line":219,"column":null}},"loc":{"start":{"line":219,"column":0},"end":{"line":226,"column":null}}},"2":{"name":"(anonymous_3)","decl":{"start":{"line":228,"column":0},"end":{"line":228,"column":null}},"loc":{"start":{"line":228,"column":0},"end":{"line":230,"column":null}}},"3":{"name":"(anonymous_4)","decl":{"start":{"line":231,"column":0},"end":{"line":231,"column":null}},"loc":{"start":{"line":231,"column":0},"end":{"line":234,"column":null}}},"4":{"name":"(anonymous_5)","decl":{"start":{"line":235,"column":0},"end":{"line":235,"column":null}},"loc":{"start":{"line":235,"column":0},"end":{"line":238,"column":null}}},"5":{"name":"(anonymous_6)","decl":{"start":{"line":239,"column":0},"end":{"line":239,"column":null}},"loc":{"start":{"line":239,"column":0},"end":{"line":242,"column":null}}},"6":{"name":"(anonymous_7)","decl":{"start":{"line":243,"column":0},"end":{"line":243,"column":null}},"loc":{"start":{"line":243,"column":0},"end":{"line":246,"column":null}}},"7":{"name":"(anonymous_8)","decl":{"start":{"line":247,"column":0},"end":{"line":247,"column":null}},"loc":{"start":{"line":247,"column":0},"end":{"line":249,"column":null}}},"8":{"name":"(anonymous_9)","decl":{"start":{"line":251,"column":0},"end":{"line":251,"column":null}},"loc":{"start":{"line":251,"column":0},"end":{"line":260,"column":null}}},"9":{"name":"(anonymous_10)","decl":{"start":{"line":261,"column":0},"end":{"line":261,"column":null}},"loc":{"start":{"line":261,"column":0},"end":{"line":272,"column":null}}},"10":{"name":"(anonymous_11)","decl":{"start":{"line":274,"column":0},"end":{"line":274,"column":null}},"loc":{"start":{"line":274,"column":0},"end":{"line":286,"column":null}}}},"branchMap":{"0":{"loc":{"start":{"line":205,"column":0},"end":{"line":205,"column":null}},"type":"binary-expr","locations":[{"start":{"line":205,"column":0},"end":{"line":205,"column":null}},{"start":{"line":205,"column":0},"end":{"line":205,"column":null}}]},"1":{"loc":{"start":{"line":275,"column":0},"end":{"line":285,"column":null}},"type":"if","locations":[{"start":{"line":275,"column":0},"end":{"line":285,"column":null}},{"start":{"line":275,"column":0},"end":{"line":285,"column":null}}]},"2":{"loc":{"start":{"line":275,"column":0},"end":{"line":275,"column":null}},"type":"binary-expr","locations":[{"start":{"line":275,"column":0},"end":{"line":275,"column":null}},{"start":{"line":275,"column":0},"end":{"line":275,"column":null}}]}},"s":{"0":1,"1":1,"2":1,"3":9,"4":9,"5":9,"6":9,"7":9,"8":9,"9":9,"10":9,"11":9,"12":9,"13":9,"14":9,"15":9,"16":9,"17":9,"18":9,"19":0,"20":0,"21":0,"22":0,"23":0,"24":0,"25":0,"26":0,"27":0,"28":0,"29":0,"30":0,"31":0,"32":0,"33":0},"f":{"0":9,"1":9,"2":9,"3":9,"4":9,"5":9,"6":9,"7":9,"8":0,"9":0,"10":0},"b":{"0":[1,0],"1":[0,0],"2":[0,0]}}
,"/home/nataset/workfolder/js/webtech/webtech-final/frontend/src/components/leaderboard/Leaderboard.vue": {"path":"/home/nataset/workfolder/js/webtech/webtech-final/frontend/src/components/leaderboard/Leaderboard.vue","statementMap":{"0":{"start":{"line":119,"column":0},"end":{"line":119,"column":null}},"1":{"start":{"line":120,"column":0},"end":{"line":120,"column":null}},"2":{"start":{"line":124,"column":0},"end":{"line":124,"column":null}},"3":{"start":{"line":132,"column":0},"end":{"line":132,"column":null}},"4":{"start":{"line":133,"column":0},"end":{"line":133,"column":null}},"5":{"start":{"line":134,"column":0},"end":{"line":134,"column":null}},"6":{"start":{"line":138,"column":0},"end":{"line":138,"column":null}},"7":{"start":{"line":139,"column":0},"end":{"line":139,"column":null}},"8":{"start":{"line":140,"column":0},"end":{"line":140,"column":null}},"9":{"start":{"line":141,"column":0},"end":{"line":141,"column":null}},"10":{"start":{"line":144,"column":0},"end":{"line":144,"column":null}},"11":{"start":{"line":147,"column":0},"end":{"line":147,"column":null}},"12":{"start":{"line":150,"column":0},"end":{"line":150,"column":null}},"13":{"start":{"line":151,"column":0},"end":{"line":151,"column":null}},"14":{"start":{"line":161,"column":0},"end":{"line":161,"column":null}},"15":{"start":{"line":164,"column":0},"end":{"line":164,"column":null}},"16":{"start":{"line":182,"column":0},"end":{"line":182,"column":null}}},"fnMap":{"0":{"name":"(anonymous_1)","decl":{"start":{"line":123,"column":0},"end":{"line":123,"column":null}},"loc":{"start":{"line":123,"column":0},"end":{"line":130,"column":null}}},"1":{"name":"(anonymous_2)","decl":{"start":{"line":131,"column":0},"end":{"line":131,"column":null}},"loc":{"start":{"line":131,"column":0},"end":{"line":135,"column":null}}},"2":{"name":"(anonymous_3)","decl":{"start":{"line":137,"column":0},"end":{"line":137,"column":null}},"loc":{"start":{"line":137,"column":0},"end":{"line":142,"column":null}}},"3":{"name":"(anonymous_4)","decl":{"start":{"line":143,"column":0},"end":{"line":143,"column":null}},"loc":{"start":{"line":143,"column":0},"end":{"line":145,"column":null}}},"4":{"name":"(anonymous_5)","decl":{"start":{"line":146,"column":0},"end":{"line":146,"column":null}},"loc":{"start":{"line":146,"column":0},"end":{"line":148,"column":null}}},"5":{"name":"(anonymous_6)","decl":{"start":{"line":149,"column":0},"end":{"line":149,"column":null}},"loc":{"start":{"line":149,"column":0},"end":{"line":162,"column":null}}},"6":{"name":"(anonymous_7)","decl":{"start":{"line":163,"column":0},"end":{"line":163,"column":null}},"loc":{"start":{"line":163,"column":0},"end":{"line":180,"column":null}}},"7":{"name":"(anonymous_8)","decl":{"start":{"line":181,"column":0},"end":{"line":181,"column":null}},"loc":{"start":{"line":181,"column":0},"end":{"line":208,"column":null}}}},"branchMap":{"0":{"loc":{"start":{"line":120,"column":0},"end":{"line":120,"column":null}},"type":"binary-expr","locations":[{"start":{"line":120,"column":0},"end":{"line":120,"column":null}},{"start":{"line":120,"column":0},"end":{"line":120,"column":null}}]}},"s":{"0":1,"1":1,"2":5,"3":5,"4":0,"5":0,"6":5,"7":0,"8":0,"9":0,"10":0,"11":2,"12":0,"13":0,"14":0,"15":0,"16":0},"f":{"0":5,"1":5,"2":5,"3":0,"4":2,"5":0,"6":0,"7":0},"b":{"0":[1,0]}}
,"/home/nataset/workfolder/js/webtech/webtech-final/frontend/src/components/profile/PlayLog.vue": {"path":"/home/nataset/workfolder/js/webtech/webtech-final/frontend/src/components/profile/PlayLog.vue","statementMap":{"0":{"start":{"line":64,"column":0},"end":{"line":64,"column":null}},"1":{"start":{"line":68,"column":0},"end":{"line":68,"column":null}},"2":{"start":{"line":73,"column":0},"end":{"line":73,"column":null}},"3":{"start":{"line":77,"column":0},"end":{"line":77,"column":null}},"4":{"start":{"line":78,"column":0},"end":{"line":78,"column":null}},"5":{"start":{"line":81,"column":0},"end":{"line":81,"column":null}},"6":{"start":{"line":82,"column":0},"end":{"line":82,"column":null}},"7":{"start":{"line":83,"column":0},"end":{"line":83,"column":null}},"8":{"start":{"line":86,"column":0},"end":{"line":86,"column":null}},"9":{"start":{"line":87,"column":0},"end":{"line":87,"column":null}},"10":{"start":{"line":97,"column":0},"end":{"line":97,"column":null}},"11":{"start":{"line":100,"column":0},"end":{"line":100,"column":null}}},"fnMap":{"0":{"name":"(anonymous_1)","decl":{"start":{"line":67,"column":0},"end":{"line":67,"column":null}},"loc":{"start":{"line":67,"column":0},"end":{"line":71,"column":null}}},"1":{"name":"(anonymous_2)","decl":{"start":{"line":72,"column":0},"end":{"line":72,"column":null}},"loc":{"start":{"line":72,"column":0},"end":{"line":74,"column":null}}},"2":{"name":"(anonymous_3)","decl":{"start":{"line":76,"column":0},"end":{"line":76,"column":null}},"loc":{"start":{"line":76,"column":0},"end":{"line":79,"column":null}}},"3":{"name":"(anonymous_4)","decl":{"start":{"line":80,"column":0},"end":{"line":80,"column":null}},"loc":{"start":{"line":80,"column":0},"end":{"line":84,"column":null}}},"4":{"name":"(anonymous_5)","decl":{"start":{"line":85,"column":0},"end":{"line":85,"column":null}},"loc":{"start":{"line":85,"column":0},"end":{"line":98,"column":null}}},"5":{"name":"(anonymous_6)","decl":{"start":{"line":99,"column":0},"end":{"line":99,"column":null}},"loc":{"start":{"line":99,"column":0},"end":{"line":111,"column":null}}}},"branchMap":{},"s":{"0":1,"1":2,"2":2,"3":2,"4":2,"5":2,"6":2,"7":2,"8":0,"9":0,"10":0,"11":0},"f":{"0":2,"1":2,"2":2,"3":2,"4":0,"5":0},"b":{}}
,"/home/nataset/workfolder/js/webtech/webtech-final/frontend/src/components/profile/PointLog.vue": {"path":"/home/nataset/workfolder/js/webtech/webtech-final/frontend/src/components/profile/PointLog.vue","statementMap":{"0":{"start":{"line":91,"column":0},"end":{"line":91,"column":null}},"1":{"start":{"line":95,"column":0},"end":{"line":95,"column":null}},"2":{"start":{"line":100,"column":0},"end":{"line":100,"column":null}},"3":{"start":{"line":104,"column":0},"end":{"line":104,"column":null}},"4":{"start":{"line":105,"column":0},"end":{"line":105,"column":null}},"5":{"start":{"line":108,"column":0},"end":{"line":108,"column":null}},"6":{"start":{"line":109,"column":0},"end":{"line":109,"column":null}},"7":{"start":{"line":110,"column":0},"end":{"line":110,"column":null}},"8":{"start":{"line":113,"column":0},"end":{"line":113,"column":null}}},"fnMap":{"0":{"name":"(anonymous_1)","decl":{"start":{"line":94,"column":0},"end":{"line":94,"column":null}},"loc":{"start":{"line":94,"column":0},"end":{"line":98,"column":null}}},"1":{"name":"(anonymous_2)","decl":{"start":{"line":99,"column":0},"end":{"line":99,"column":null}},"loc":{"start":{"line":99,"column":0},"end":{"line":101,"column":null}}},"2":{"name":"(anonymous_3)","decl":{"start":{"line":103,"column":0},"end":{"line":103,"column":null}},"loc":{"start":{"line":103,"column":0},"end":{"line":106,"column":null}}},"3":{"name":"(anonymous_4)","decl":{"start":{"line":107,"column":0},"end":{"line":107,"column":null}},"loc":{"start":{"line":107,"column":0},"end":{"line":111,"column":null}}},"4":{"name":"(anonymous_5)","decl":{"start":{"line":112,"column":0},"end":{"line":112,"column":null}},"loc":{"start":{"line":112,"column":0},"end":{"line":114,"column":null}}}},"branchMap":{},"s":{"0":1,"1":3,"2":3,"3":3,"4":3,"5":3,"6":3,"7":3,"8":3},"f":{"0":3,"1":3,"2":3,"3":3,"4":3},"b":{}}
,"/home/nataset/workfolder/js/webtech/webtech-final/frontend/src/components/profile/Profile.vue": {"path":"/home/nataset/workfolder/js/webtech/webtech-final/frontend/src/components/profile/Profile.vue","statementMap":{"0":{"start":{"line":49,"column":0},"end":{"line":49,"column":null}},"1":{"start":{"line":50,"column":0},"end":{"line":50,"column":null}},"2":{"start":{"line":54,"column":0},"end":{"line":54,"column":null}},"3":{"start":{"line":61,"column":0},"end":{"line":61,"column":null}},"4":{"start":{"line":65,"column":0},"end":{"line":66,"column":null}},"5":{"start":{"line":66,"column":0},"end":{"line":66,"column":null}},"6":{"start":{"line":72,"column":0},"end":{"line":72,"column":null}},"7":{"start":{"line":75,"column":0},"end":{"line":75,"column":null}}},"fnMap":{"0":{"name":"(anonymous_1)","decl":{"start":{"line":53,"column":0},"end":{"line":53,"column":null}},"loc":{"start":{"line":53,"column":0},"end":{"line":59,"column":null}}},"1":{"name":"(anonymous_2)","decl":{"start":{"line":60,"column":0},"end":{"line":60,"column":null}},"loc":{"start":{"line":60,"column":0},"end":{"line":62,"column":null}}},"2":{"name":"(anonymous_3)","decl":{"start":{"line":64,"column":0},"end":{"line":64,"column":null}},"loc":{"start":{"line":64,"column":0},"end":{"line":70,"column":null}}},"3":{"name":"(anonymous_4)","decl":{"start":{"line":71,"column":0},"end":{"line":71,"column":null}},"loc":{"start":{"line":71,"column":0},"end":{"line":73,"column":null}}},"4":{"name":"(anonymous_5)","decl":{"start":{"line":74,"column":0},"end":{"line":74,"column":null}},"loc":{"start":{"line":74,"column":0},"end":{"line":76,"column":null}}}},"branchMap":{"0":{"loc":{"start":{"line":50,"column":0},"end":{"line":50,"column":null}},"type":"binary-expr","locations":[{"start":{"line":50,"column":0},"end":{"line":50,"column":null}},{"start":{"line":50,"column":0},"end":{"line":50,"column":null}}]},"1":{"loc":{"start":{"line":65,"column":0},"end":{"line":66,"column":null}},"type":"if","locations":[{"start":{"line":65,"column":0},"end":{"line":66,"column":null}},{"start":{"line":65,"column":0},"end":{"line":66,"column":null}}]}},"s":{"0":1,"1":1,"2":3,"3":3,"4":6,"5":0,"6":3,"7":0},"f":{"0":3,"1":3,"2":3,"3":3,"4":0},"b":{"0":[1,0],"1":[3,0]}}
,"/home/nataset/workfolder/js/webtech/webtech-final/frontend/src/components/profile/VersusLog.vue": {"path":"/home/nataset/workfolder/js/webtech/webtech-final/frontend/src/components/profile/VersusLog.vue","statementMap":{"0":{"start":{"line":55,"column":0},"end":{"line":55,"column":null}},"1":{"start":{"line":59,"column":0},"end":{"line":59,"column":null}},"2":{"start":{"line":64,"column":0},"end":{"line":64,"column":null}},"3":{"start":{"line":68,"column":0},"end":{"line":68,"column":null}},"4":{"start":{"line":69,"column":0},"end":{"line":69,"column":null}},"5":{"start":{"line":72,"column":0},"end":{"line":72,"column":null}},"6":{"start":{"line":73,"column":0},"end":{"line":73,"column":null}},"7":{"start":{"line":74,"column":0},"end":{"line":74,"column":null}},"8":{"start":{"line":77,"column":0},"end":{"line":77,"column":null}},"9":{"start":{"line":78,"column":0},"end":{"line":78,"column":null}},"10":{"start":{"line":84,"column":0},"end":{"line":84,"column":null}},"11":{"start":{"line":87,"column":0},"end":{"line":87,"column":null}},"12":{"start":{"line":98,"column":0},"end":{"line":98,"column":null}}},"fnMap":{"0":{"name":"(anonymous_1)","decl":{"start":{"line":58,"column":0},"end":{"line":58,"column":null}},"loc":{"start":{"line":58,"column":0},"end":{"line":62,"column":null}}},"1":{"name":"(anonymous_2)","decl":{"start":{"line":63,"column":0},"end":{"line":63,"column":null}},"loc":{"start":{"line":63,"column":0},"end":{"line":65,"column":null}}},"2":{"name":"(anonymous_3)","decl":{"start":{"line":67,"column":0},"end":{"line":67,"column":null}},"loc":{"start":{"line":67,"column":0},"end":{"line":70,"column":null}}},"3":{"name":"(anonymous_4)","decl":{"start":{"line":71,"column":0},"end":{"line":71,"column":null}},"loc":{"start":{"line":71,"column":0},"end":{"line":75,"column":null}}},"4":{"name":"(anonymous_5)","decl":{"start":{"line":76,"column":0},"end":{"line":76,"column":null}},"loc":{"start":{"line":76,"column":0},"end":{"line":85,"column":null}}},"5":{"name":"(anonymous_6)","decl":{"start":{"line":86,"column":0},"end":{"line":86,"column":null}},"loc":{"start":{"line":86,"column":0},"end":{"line":96,"column":null}}},"6":{"name":"(anonymous_7)","decl":{"start":{"line":97,"column":0},"end":{"line":97,"column":null}},"loc":{"start":{"line":97,"column":0},"end":{"line":99,"column":null}}}},"branchMap":{},"s":{"0":1,"1":4,"2":4,"3":4,"4":4,"5":4,"6":4,"7":4,"8":0,"9":0,"10":0,"11":0,"12":4},"f":{"0":4,"1":4,"2":4,"3":4,"4":0,"5":0,"6":4},"b":{}}
,"/home/nataset/workfolder/js/webtech/webtech-final/frontend/src/components/shop/ShopTable.vue": {"path":"/home/nataset/workfolder/js/webtech/webtech-final/frontend/src/components/shop/ShopTable.vue","statementMap":{"0":{"start":{"line":116,"column":0},"end":{"line":116,"column":null}},"1":{"start":{"line":117,"column":0},"end":{"line":117,"column":null}},"2":{"start":{"line":118,"column":0},"end":{"line":118,"column":null}},"3":{"start":{"line":115,"column":0},"end":{"line":115,"column":null}},"4":{"start":{"line":122,"column":0},"end":{"line":122,"column":null}},"5":{"start":{"line":129,"column":0},"end":{"line":129,"column":null}},"6":{"start":{"line":130,"column":0},"end":{"line":130,"column":null}},"7":{"start":{"line":131,"column":0},"end":{"line":131,"column":null}},"8":{"start":{"line":135,"column":0},"end":{"line":135,"column":null}},"9":{"start":{"line":138,"column":0},"end":{"line":138,"column":null}},"10":{"start":{"line":139,"column":0},"end":{"line":139,"column":null}},"11":{"start":{"line":142,"column":0},"end":{"line":142,"column":null}},"12":{"start":{"line":143,"column":0},"end":{"line":143,"column":null}},"13":{"start":{"line":146,"column":0},"end":{"line":146,"column":null}},"14":{"start":{"line":149,"column":0},"end":{"line":181,"column":null}},"15":{"start":{"line":159,"column":0},"end":{"line":180,"column":null}},"16":{"start":{"line":160,"column":0},"end":{"line":177,"column":null}},"17":{"start":{"line":161,"column":0},"end":{"line":161,"column":null}},"18":{"start":{"line":167,"column":0},"end":{"line":167,"column":null}},"19":{"start":{"line":168,"column":0},"end":{"line":168,"column":null}},"20":{"start":{"line":169,"column":0},"end":{"line":169,"column":null}},"21":{"start":{"line":171,"column":0},"end":{"line":171,"column":null}},"22":{"start":{"line":172,"column":0},"end":{"line":172,"column":null}},"23":{"start":{"line":173,"column":0},"end":{"line":173,"column":null}},"24":{"start":{"line":174,"column":0},"end":{"line":174,"column":null}},"25":{"start":{"line":176,"column":0},"end":{"line":176,"column":null}},"26":{"start":{"line":179,"column":0},"end":{"line":179,"column":null}}},"fnMap":{"0":{"name":"(anonymous_1)","decl":{"start":{"line":121,"column":0},"end":{"line":121,"column":null}},"loc":{"start":{"line":121,"column":0},"end":{"line":127,"column":null}}},"1":{"name":"(anonymous_2)","decl":{"start":{"line":128,"column":0},"end":{"line":128,"column":null}},"loc":{"start":{"line":128,"column":0},"end":{"line":132,"column":null}}},"2":{"name":"(anonymous_3)","decl":{"start":{"line":134,"column":0},"end":{"line":134,"column":null}},"loc":{"start":{"line":134,"column":0},"end":{"line":136,"column":null}}},"3":{"name":"(anonymous_4)","decl":{"start":{"line":137,"column":0},"end":{"line":137,"column":null}},"loc":{"start":{"line":137,"column":0},"end":{"line":140,"column":null}}},"4":{"name":"(anonymous_5)","decl":{"start":{"line":141,"column":0},"end":{"line":141,"column":null}},"loc":{"start":{"line":141,"column":0},"end":{"line":144,"column":null}}},"5":{"name":"(anonymous_6)","decl":{"start":{"line":145,"column":0},"end":{"line":145,"column":null}},"loc":{"start":{"line":145,"column":0},"end":{"line":147,"column":null}}},"6":{"name":"(anonymous_7)","decl":{"start":{"line":148,"column":0},"end":{"line":148,"column":null}},"loc":{"start":{"line":148,"column":0},"end":{"line":182,"column":null}}},"7":{"name":"(anonymous_8)","decl":{"start":{"line":149,"column":0},"end":{"line":149,"column":null}},"loc":{"start":{"line":149,"column":0},"end":{"line":181,"column":null}}}},"branchMap":{"0":{"loc":{"start":{"line":115,"column":0},"end":{"line":115,"column":null}},"type":"binary-expr","locations":[{"start":{"line":115,"column":0},"end":{"line":115,"column":null}},{"start":{"line":115,"column":0},"end":{"line":115,"column":null}}]},"1":{"loc":{"start":{"line":159,"column":0},"end":{"line":180,"column":null}},"type":"if","locations":[{"start":{"line":159,"column":0},"end":{"line":180,"column":null}},{"start":{"line":159,"column":0},"end":{"line":180,"column":null}}]},"2":{"loc":{"start":{"line":160,"column":0},"end":{"line":177,"column":null}},"type":"if","locations":[{"start":{"line":160,"column":0},"end":{"line":177,"column":null}},{"start":{"line":160,"column":0},"end":{"line":177,"column":null}}]}},"s":{"0":1,"1":1,"2":1,"3":1,"4":7,"5":7,"6":7,"7":7,"8":21,"9":7,"10":7,"11":7,"12":7,"13":7,"14":0,"15":0,"16":0,"17":0,"18":0,"19":0,"20":0,"21":0,"22":0,"23":0,"24":0,"25":0,"26":0},"f":{"0":7,"1":7,"2":21,"3":7,"4":7,"5":7,"6":0,"7":0},"b":{"0":[1,0],"1":[0,0],"2":[0,0]}}
,"/home/nataset/workfolder/js/webtech/webtech-final/frontend/src/services/chat.js": {"path":"/home/nataset/workfolder/js/webtech/webtech-final/frontend/src/services/chat.js","statementMap":{"0":{"start":{"line":9,"column":8},"end":{"line":9,"column":65}},"1":{"start":{"line":10,"column":8},"end":{"line":10,"column":45}},"2":{"start":{"line":11,"column":8},"end":{"line":11,"column":36}},"3":{"start":{"line":12,"column":8},"end":{"line":12,"column":35}},"4":{"start":{"line":16,"column":8},"end":{"line":16,"column":40}},"5":{"start":{"line":20,"column":8},"end":{"line":24,"column":10}},"6":{"start":{"line":21,"column":12},"end":{"line":21,"column":41}},"7":{"start":{"line":22,"column":26},"end":{"line":22,"column":57}},"8":{"start":{"line":23,"column":12},"end":{"line":23,"column":52}},"9":{"start":{"line":27,"column":8},"end":{"line":27,"column":39}},"10":{"start":{"line":28,"column":8},"end":{"line":28,"column":41}}},"fnMap":{"0":{"name":"(anonymous_0)","decl":{"start":{"line":6,"column":4},"end":{"line":6,"column":5}},"loc":{"start":{"line":6,"column":17},"end":{"line":6,"column":19}},"line":6},"1":{"name":"(anonymous_1)","decl":{"start":{"line":8,"column":4},"end":{"line":8,"column":5}},"loc":{"start":{"line":8,"column":31},"end":{"line":13,"column":5}},"line":8},"2":{"name":"(anonymous_2)","decl":{"start":{"line":15,"column":4},"end":{"line":15,"column":5}},"loc":{"start":{"line":15,"column":13},"end":{"line":17,"column":5}},"line":15},"3":{"name":"(anonymous_3)","decl":{"start":{"line":19,"column":4},"end":{"line":19,"column":5}},"loc":{"start":{"line":19,"column":13},"end":{"line":25,"column":5}},"line":19},"4":{"name":"(anonymous_4)","decl":{"start":{"line":20,"column":38},"end":{"line":20,"column":39}},"loc":{"start":{"line":20,"column":46},"end":{"line":24,"column":9}},"line":20},"5":{"name":"(anonymous_5)","decl":{"start":{"line":26,"column":4},"end":{"line":26,"column":5}},"loc":{"start":{"line":26,"column":16},"end":{"line":29,"column":5}},"line":26}},"branchMap":{},"s":{"0":0,"1":0,"2":0,"3":0,"4":0,"5":0,"6":0,"7":0,"8":0,"9":0,"10":0},"f":{"0":1,"1":0,"2":0,"3":0,"4":0,"5":0},"b":{},"_coverageSchema":"43e27e138ebf9cfc5966b082cf9a028302ed4184","hash":"8955a6fba00cebce5896471ced2c23af319c6e52"}
,"/home/nataset/workfolder/js/webtech/webtech-final/frontend/src/store/GameStore.js": {"path":"/home/nataset/workfolder/js/webtech/webtech-final/frontend/src/store/GameStore.js","statementMap":{"0":{"start":{"line":5,"column":0},"end":{"line":5,"column":14}},"1":{"start":{"line":7,"column":27},"end":{"line":7,"column":92}},"2":{"start":{"line":8,"column":15},"end":{"line":8,"column":37}},"3":{"start":{"line":19,"column":34},"end":{"line":19,"column":52}},"4":{"start":{"line":20,"column":30},"end":{"line":20,"column":44}},"5":{"start":{"line":21,"column":28},"end":{"line":21,"column":40}},"6":{"start":{"line":22,"column":31},"end":{"line":22,"column":46}},"7":{"start":{"line":23,"column":31},"end":{"line":23,"column":46}},"8":{"start":{"line":27,"column":12},"end":{"line":27,"column":40}},"9":{"start":{"line":30,"column":12},"end":{"line":30,"column":34}},"10":{"start":{"line":33,"column":12},"end":{"line":33,"column":36}},"11":{"start":{"line":36,"column":12},"end":{"line":36,"column":34}},"12":{"start":{"line":39,"column":12},"end":{"line":39,"column":35}}},"fnMap":{"0":{"name":"(anonymous_0)","decl":{"start":{"line":19,"column":25},"end":{"line":19,"column":26}},"loc":{"start":{"line":19,"column":34},"end":{"line":19,"column":52}},"line":19},"1":{"name":"(anonymous_1)","decl":{"start":{"line":20,"column":21},"end":{"line":20,"column":22}},"loc":{"start":{"line":20,"column":30},"end":{"line":20,"column":44}},"line":20},"2":{"name":"(anonymous_2)","decl":{"start":{"line":21,"column":19},"end":{"line":21,"column":20}},"loc":{"start":{"line":21,"column":28},"end":{"line":21,"column":40}},"line":21},"3":{"name":"(anonymous_3)","decl":{"start":{"line":22,"column":22},"end":{"line":22,"column":23}},"loc":{"start":{"line":22,"column":31},"end":{"line":22,"column":46}},"line":22},"4":{"name":"(anonymous_4)","decl":{"start":{"line":23,"column":22},"end":{"line":23,"column":23}},"loc":{"start":{"line":23,"column":31},"end":{"line":23,"column":46}},"line":23},"5":{"name":"(anonymous_5)","decl":{"start":{"line":26,"column":8},"end":{"line":26,"column":9}},"loc":{"start":{"line":26,"column":39},"end":{"line":28,"column":9}},"line":26},"6":{"name":"(anonymous_6)","decl":{"start":{"line":29,"column":8},"end":{"line":29,"column":9}},"loc":{"start":{"line":29,"column":33},"end":{"line":31,"column":9}},"line":29},"7":{"name":"(anonymous_7)","decl":{"start":{"line":32,"column":8},"end":{"line":32,"column":9}},"loc":{"start":{"line":32,"column":35},"end":{"line":34,"column":9}},"line":32},"8":{"name":"(anonymous_8)","decl":{"start":{"line":35,"column":8},"end":{"line":35,"column":9}},"loc":{"start":{"line":35,"column":33},"end":{"line":37,"column":9}},"line":35},"9":{"name":"(anonymous_9)","decl":{"start":{"line":38,"column":8},"end":{"line":38,"column":9}},"loc":{"start":{"line":38,"column":34},"end":{"line":40,"column":9}},"line":38}},"branchMap":{"0":{"loc":{"start":{"line":7,"column":27},"end":{"line":7,"column":92}},"type":"binary-expr","locations":[{"start":{"line":7,"column":27},"end":{"line":7,"column":65}},{"start":{"line":7,"column":69},"end":{"line":7,"column":92}}],"line":7}},"s":{"0":1,"1":1,"2":1,"3":0,"4":0,"5":1,"6":0,"7":0,"8":10,"9":10,"10":10,"11":0,"12":10},"f":{"0":0,"1":0,"2":1,"3":0,"4":0,"5":10,"6":10,"7":10,"8":0,"9":10},"b":{"0":[1,0]},"_coverageSchema":"43e27e138ebf9cfc5966b082cf9a028302ed4184","hash":"6452f273de07e51551f6e967446dad52c647002e"}
,"/home/nataset/workfolder/js/webtech/webtech-final/frontend/src/store/authUser.js": {"path":"/home/nataset/workfolder/js/webtech/webtech-final/frontend/src/store/authUser.js","statementMap":{"0":{"start":{"line":5,"column":0},"end":{"line":5,"column":14}},"1":{"start":{"line":7,"column":15},"end":{"line":7,"column":26}},"2":{"start":{"line":8,"column":11},"end":{"line":8,"column":53}},"3":{"start":{"line":9,"column":19},"end":{"line":9,"column":74}},"4":{"start":{"line":20,"column":12},"end":{"line":20,"column":34}},"5":{"start":{"line":21,"column":12},"end":{"line":21,"column":41}},"6":{"start":{"line":22,"column":12},"end":{"line":22,"column":34}},"7":{"start":{"line":23,"column":12},"end":{"line":23,"column":88}},"8":{"start":{"line":26,"column":12},"end":{"line":26,"column":28}},"9":{"start":{"line":27,"column":12},"end":{"line":27,"column":27}},"10":{"start":{"line":28,"column":12},"end":{"line":28,"column":35}},"11":{"start":{"line":29,"column":12},"end":{"line":29,"column":30}},"12":{"start":{"line":32,"column":12},"end":{"line":32,"column":35}},"13":{"start":{"line":35,"column":12},"end":{"line":35,"column":35}},"14":{"start":{"line":38,"column":12},"end":{"line":38,"column":35}},"15":{"start":{"line":41,"column":12},"end":{"line":41,"column":34}},"16":{"start":{"line":44,"column":12},"end":{"line":44,"column":29}},"17":{"start":{"line":49,"column":22},"end":{"line":49,"column":54}},"18":{"start":{"line":50,"column":23},"end":{"line":53,"column":13}},"19":{"start":{"line":54,"column":12},"end":{"line":68,"column":13}},"20":{"start":{"line":55,"column":26},"end":{"line":55,"column":53}},"21":{"start":{"line":56,"column":16},"end":{"line":58,"column":17}},"22":{"start":{"line":57,"column":20},"end":{"line":57,"column":46}},"23":{"start":{"line":59,"column":16},"end":{"line":59,"column":49}},"24":{"start":{"line":60,"column":16},"end":{"line":60,"column":68}},"25":{"start":{"line":61,"column":16},"end":{"line":61,"column":27}},"26":{"start":{"line":63,"column":16},"end":{"line":67,"column":17}},"27":{"start":{"line":64,"column":20},"end":{"line":64,"column":38}},"28":{"start":{"line":65,"column":23},"end":{"line":67,"column":17}},"29":{"start":{"line":66,"column":20},"end":{"line":66,"column":38}},"30":{"start":{"line":73,"column":12},"end":{"line":83,"column":13}},"31":{"start":{"line":74,"column":26},"end":{"line":74,"column":61}},"32":{"start":{"line":75,"column":27},"end":{"line":75,"column":34}},"33":{"start":{"line":76,"column":26},"end":{"line":76,"column":53}},"34":{"start":{"line":77,"column":16},"end":{"line":77,"column":40}},"35":{"start":{"line":78,"column":16},"end":{"line":78,"column":27}},"36":{"start":{"line":80,"column":16},"end":{"line":82,"column":17}},"37":{"start":{"line":81,"column":20},"end":{"line":81,"column":38}},"38":{"start":{"line":86,"column":22},"end":{"line":86,"column":55}},"39":{"start":{"line":87,"column":25},"end":{"line":87,"column":42}},"40":{"start":{"line":88,"column":22},"end":{"line":88,"column":26}},"41":{"start":{"line":89,"column":12},"end":{"line":93,"column":13}},"42":{"start":{"line":90,"column":16},"end":{"line":90,"column":58}},"43":{"start":{"line":92,"column":16},"end":{"line":92,"column":44}},"44":{"start":{"line":94,"column":12},"end":{"line":94,"column":46}},"45":{"start":{"line":95,"column":12},"end":{"line":95,"column":36}},"46":{"start":{"line":96,"column":12},"end":{"line":96,"column":23}},"47":{"start":{"line":100,"column":22},"end":{"line":100,"column":71}},"48":{"start":{"line":101,"column":23},"end":{"line":103,"column":13}},"49":{"start":{"line":104,"column":25},"end":{"line":104,"column":42}},"50":{"start":{"line":105,"column":22},"end":{"line":105,"column":56}},"51":{"start":{"line":106,"column":12},"end":{"line":106,"column":41}},"52":{"start":{"line":110,"column":22},"end":{"line":110,"column":76}},"53":{"start":{"line":111,"column":23},"end":{"line":113,"column":13}},"54":{"start":{"line":114,"column":25},"end":{"line":114,"column":42}},"55":{"start":{"line":115,"column":22},"end":{"line":115,"column":56}},"56":{"start":{"line":116,"column":12},"end":{"line":116,"column":41}},"57":{"start":{"line":119,"column":22},"end":{"line":119,"column":62}},"58":{"start":{"line":120,"column":27},"end":{"line":120,"column":41}},"59":{"start":{"line":121,"column":12},"end":{"line":121,"column":60}},"60":{"start":{"line":122,"column":12},"end":{"line":122,"column":56}},"61":{"start":{"line":123,"column":25},"end":{"line":123,"column":42}},"62":{"start":{"line":124,"column":12},"end":{"line":130,"column":13}},"63":{"start":{"line":125,"column":26},"end":{"line":125,"column":65}},"64":{"start":{"line":126,"column":16},"end":{"line":126,"column":58}},"65":{"start":{"line":127,"column":16},"end":{"line":127,"column":39}},"66":{"start":{"line":129,"column":16},"end":{"line":129,"column":52}},"67":{"start":{"line":133,"column":22},"end":{"line":133,"column":59}},"68":{"start":{"line":134,"column":23},"end":{"line":137,"column":13}},"69":{"start":{"line":138,"column":25},"end":{"line":138,"column":42}},"70":{"start":{"line":139,"column":12},"end":{"line":145,"column":13}},"71":{"start":{"line":140,"column":26},"end":{"line":140,"column":60}},"72":{"start":{"line":141,"column":16},"end":{"line":141,"column":47}},"73":{"start":{"line":142,"column":16},"end":{"line":142,"column":33}},"74":{"start":{"line":144,"column":16},"end":{"line":144,"column":55}},"75":{"start":{"line":148,"column":22},"end":{"line":148,"column":51}},"76":{"start":{"line":149,"column":25},"end":{"line":149,"column":42}},"77":{"start":{"line":150,"column":12},"end":{"line":157,"column":13}},"78":{"start":{"line":151,"column":26},"end":{"line":151,"column":61}},"79":{"start":{"line":152,"column":16},"end":{"line":152,"column":44}},"80":{"start":{"line":153,"column":16},"end":{"line":153,"column":32}},"81":{"start":{"line":155,"column":16},"end":{"line":155,"column":40}},"82":{"start":{"line":156,"column":16},"end":{"line":156,"column":41}},"83":{"start":{"line":162,"column":25},"end":{"line":162,"column":35}},"84":{"start":{"line":163,"column":24},"end":{"line":163,"column":33}},"85":{"start":{"line":164,"column":29},"end":{"line":164,"column":43}},"86":{"start":{"line":165,"column":27},"end":{"line":165,"column":39}}},"fnMap":{"0":{"name":"(anonymous_0)","decl":{"start":{"line":19,"column":8},"end":{"line":19,"column":9}},"loc":{"start":{"line":19,"column":33},"end":{"line":24,"column":9}},"line":19},"1":{"name":"(anonymous_1)","decl":{"start":{"line":25,"column":8},"end":{"line":25,"column":9}},"loc":{"start":{"line":25,"column":29},"end":{"line":30,"column":9}},"line":25},"2":{"name":"(anonymous_2)","decl":{"start":{"line":31,"column":8},"end":{"line":31,"column":9}},"loc":{"start":{"line":31,"column":29},"end":{"line":33,"column":9}},"line":31},"3":{"name":"(anonymous_3)","decl":{"start":{"line":34,"column":8},"end":{"line":34,"column":9}},"loc":{"start":{"line":34,"column":29},"end":{"line":36,"column":9}},"line":34},"4":{"name":"(anonymous_4)","decl":{"start":{"line":37,"column":8},"end":{"line":37,"column":9}},"loc":{"start":{"line":37,"column":37},"end":{"line":39,"column":9}},"line":37},"5":{"name":"(anonymous_5)","decl":{"start":{"line":40,"column":8},"end":{"line":40,"column":9}},"loc":{"start":{"line":40,"column":31},"end":{"line":42,"column":9}},"line":40},"6":{"name":"(anonymous_6)","decl":{"start":{"line":43,"column":8},"end":{"line":43,"column":9}},"loc":{"start":{"line":43,"column":28},"end":{"line":45,"column":9}},"line":43},"7":{"name":"(anonymous_7)","decl":{"start":{"line":48,"column":8},"end":{"line":48,"column":9}},"loc":{"start":{"line":48,"column":53},"end":{"line":69,"column":9}},"line":48},"8":{"name":"(anonymous_8)","decl":{"start":{"line":72,"column":8},"end":{"line":72,"column":9}},"loc":{"start":{"line":72,"column":44},"end":{"line":84,"column":9}},"line":72},"9":{"name":"(anonymous_9)","decl":{"start":{"line":85,"column":8},"end":{"line":85,"column":9}},"loc":{"start":{"line":85,"column":33},"end":{"line":97,"column":9}},"line":85},"10":{"name":"(anonymous_10)","decl":{"start":{"line":99,"column":8},"end":{"line":99,"column":9}},"loc":{"start":{"line":99,"column":44},"end":{"line":107,"column":9}},"line":99},"11":{"name":"(anonymous_11)","decl":{"start":{"line":109,"column":8},"end":{"line":109,"column":9}},"loc":{"start":{"line":109,"column":44},"end":{"line":117,"column":9}},"line":109},"12":{"name":"(anonymous_12)","decl":{"start":{"line":118,"column":8},"end":{"line":118,"column":9}},"loc":{"start":{"line":118,"column":52},"end":{"line":131,"column":9}},"line":118},"13":{"name":"(anonymous_13)","decl":{"start":{"line":132,"column":8},"end":{"line":132,"column":9}},"loc":{"start":{"line":132,"column":46},"end":{"line":146,"column":9}},"line":132},"14":{"name":"(anonymous_14)","decl":{"start":{"line":147,"column":8},"end":{"line":147,"column":9}},"loc":{"start":{"line":147,"column":36},"end":{"line":158,"column":9}},"line":147},"15":{"name":"(anonymous_15)","decl":{"start":{"line":162,"column":14},"end":{"line":162,"column":15}},"loc":{"start":{"line":162,"column":25},"end":{"line":162,"column":35}},"line":162},"16":{"name":"(anonymous_16)","decl":{"start":{"line":163,"column":13},"end":{"line":163,"column":14}},"loc":{"start":{"line":163,"column":24},"end":{"line":163,"column":33}},"line":163},"17":{"name":"(anonymous_17)","decl":{"start":{"line":164,"column":18},"end":{"line":164,"column":19}},"loc":{"start":{"line":164,"column":29},"end":{"line":164,"column":43}},"line":164},"18":{"name":"(anonymous_18)","decl":{"start":{"line":165,"column":16},"end":{"line":165,"column":17}},"loc":{"start":{"line":165,"column":27},"end":{"line":165,"column":39}},"line":165}},"branchMap":{"0":{"loc":{"start":{"line":9,"column":19},"end":{"line":9,"column":74}},"type":"binary-expr","locations":[{"start":{"line":9,"column":19},"end":{"line":9,"column":47}},{"start":{"line":9,"column":51},"end":{"line":9,"column":74}}],"line":9},"1":{"loc":{"start":{"line":13,"column":14},"end":{"line":13,"column":40}},"type":"cond-expr","locations":[{"start":{"line":13,"column":21},"end":{"line":13,"column":35}},{"start":{"line":13,"column":38},"end":{"line":13,"column":40}}],"line":13},"2":{"loc":{"start":{"line":14,"column":13},"end":{"line":14,"column":47}},"type":"cond-expr","locations":[{"start":{"line":14,"column":20},"end":{"line":14,"column":42}},{"start":{"line":14,"column":45},"end":{"line":14,"column":47}}],"line":14},"3":{"loc":{"start":{"line":15,"column":18},"end":{"line":15,"column":37}},"type":"cond-expr","locations":[{"start":{"line":15,"column":25},"end":{"line":15,"column":29}},{"start":{"line":15,"column":32},"end":{"line":15,"column":37}}],"line":15},"4":{"loc":{"start":{"line":16,"column":16},"end":{"line":16,"column":94}},"type":"cond-expr","locations":[{"start":{"line":16,"column":23},"end":{"line":16,"column":89}},{"start":{"line":16,"column":92},"end":{"line":16,"column":94}}],"line":16},"5":{"loc":{"start":{"line":56,"column":16},"end":{"line":58,"column":17}},"type":"if","locations":[{"start":{"line":56,"column":16},"end":{"line":58,"column":17}},{"start":{"line":56,"column":16},"end":{"line":58,"column":17}}],"line":56},"6":{"loc":{"start":{"line":63,"column":16},"end":{"line":67,"column":17}},"type":"if","locations":[{"start":{"line":63,"column":16},"end":{"line":67,"column":17}},{"start":{"line":63,"column":16},"end":{"line":67,"column":17}}],"line":63},"7":{"loc":{"start":{"line":65,"column":23},"end":{"line":67,"column":17}},"type":"if","locations":[{"start":{"line":65,"column":23},"end":{"line":67,"column":17}},{"start":{"line":65,"column":23},"end":{"line":67,"column":17}}],"line":65},"8":{"loc":{"start":{"line":80,"column":16},"end":{"line":82,"column":17}},"type":"if","locations":[{"start":{"line":80,"column":16},"end":{"line":82,"column":17}},{"start":{"line":80,"column":16},"end":{"line":82,"column":17}}],"line":80}},"s":{"0":1,"1":1,"2":1,"3":1,"4":0,"5":0,"6":0,"7":0,"8":0,"9":0,"10":0,"11":0,"12":0,"13":0,"14":0,"15":0,"16":0,"17":0,"18":0,"19":0,"20":0,"21":0,"22":0,"23":0,"24":0,"25":0,"26":0,"27":0,"28":0,"29":0,"30":0,"31":0,"32":0,"33":0,"34":0,"35":0,"36":0,"37":0,"38":0,"39":0,"40":0,"41":0,"42":0,"43":0,"44":0,"45":0,"46":0,"47":0,"48":0,"49":0,"50":0,"51":0,"52":0,"53":0,"54":0,"55":0,"56":0,"57":0,"58":0,"59":0,"60":0,"61":0,"62":0,"63":0,"64":0,"65":0,"66":0,"67":0,"68":0,"69":0,"70":0,"71":0,"72":0,"73":0,"74":0,"75":0,"76":0,"77":0,"78":0,"79":0,"80":0,"81":0,"82":0,"83":0,"84":0,"85":0,"86":0},"f":{"0":0,"1":0,"2":0,"3":0,"4":0,"5":0,"6":0,"7":0,"8":0,"9":0,"10":0,"11":0,"12":0,"13":0,"14":0,"15":0,"16":0,"17":0,"18":0},"b":{"0":[1,0],"1":[0,1],"2":[0,1],"3":[0,1],"4":[0,1],"5":[0,0],"6":[0,0],"7":[0,0],"8":[0,0]},"_coverageSchema":"43e27e138ebf9cfc5966b082cf9a028302ed4184","hash":"f23f09b99cba7c9854937d519ba66da5781e2ab4"}
,"/home/nataset/workfolder/js/webtech/webtech-final/frontend/src/store/chat.js": {"path":"/home/nataset/workfolder/js/webtech/webtech-final/frontend/src/store/chat.js","statementMap":{"0":{"start":{"line":5,"column":0},"end":{"line":5,"column":13}},"1":{"start":{"line":6,"column":22},"end":{"line":6,"column":87}},"2":{"start":{"line":7,"column":13},"end":{"line":7,"column":32}},"3":{"start":{"line":15,"column":22},"end":{"line":15,"column":34}},"4":{"start":{"line":16,"column":22},"end":{"line":16,"column":33}},"5":{"start":{"line":20,"column":10},"end":{"line":20,"column":31}},"6":{"start":{"line":23,"column":10},"end":{"line":23,"column":32}},"7":{"start":{"line":26,"column":10},"end":{"line":26,"column":26}}},"fnMap":{"0":{"name":"(anonymous_0)","decl":{"start":{"line":15,"column":14},"end":{"line":15,"column":15}},"loc":{"start":{"line":15,"column":22},"end":{"line":15,"column":34}},"line":15},"1":{"name":"(anonymous_1)","decl":{"start":{"line":16,"column":13},"end":{"line":16,"column":14}},"loc":{"start":{"line":16,"column":22},"end":{"line":16,"column":33}},"line":16},"2":{"name":"(anonymous_2)","decl":{"start":{"line":19,"column":6},"end":{"line":19,"column":7}},"loc":{"start":{"line":19,"column":30},"end":{"line":21,"column":7}},"line":19},"3":{"name":"(anonymous_3)","decl":{"start":{"line":22,"column":6},"end":{"line":22,"column":7}},"loc":{"start":{"line":22,"column":29},"end":{"line":24,"column":7}},"line":22},"4":{"name":"(anonymous_4)","decl":{"start":{"line":25,"column":6},"end":{"line":25,"column":7}},"loc":{"start":{"line":25,"column":25},"end":{"line":27,"column":7}},"line":25}},"branchMap":{"0":{"loc":{"start":{"line":6,"column":22},"end":{"line":6,"column":87}},"type":"binary-expr","locations":[{"start":{"line":6,"column":22},"end":{"line":6,"column":60}},{"start":{"line":6,"column":64},"end":{"line":6,"column":87}}],"line":6}},"s":{"0":1,"1":1,"2":1,"3":0,"4":0,"5":0,"6":0,"7":0},"f":{"0":0,"1":0,"2":0,"3":0,"4":0},"b":{"0":[1,0]},"_coverageSchema":"43e27e138ebf9cfc5966b082cf9a028302ed4184","hash":"faf075863e19ef80ea8f6aef5a5b178d4b37d712"}
,"/home/nataset/workfolder/js/webtech/webtech-final/frontend/src/store/playHistory.js": {"path":"/home/nataset/workfolder/js/webtech/webtech-final/frontend/src/store/playHistory.js","statementMap":{"0":{"start":{"line":6,"column":19},"end":{"line":6,"column":74}},"1":{"start":{"line":8,"column":0},"end":{"line":8,"column":13}},"2":{"start":{"line":20,"column":10},"end":{"line":20,"column":33}},"3":{"start":{"line":23,"column":10},"end":{"line":23,"column":33}},"4":{"start":{"line":26,"column":10},"end":{"line":26,"column":30}},"5":{"start":{"line":29,"column":12},"end":{"line":29,"column":41}},"6":{"start":{"line":32,"column":12},"end":{"line":32,"column":41}},"7":{"start":{"line":37,"column":22},"end":{"line":37,"column":70}},"8":{"start":{"line":38,"column":22},"end":{"line":38,"column":42}},"9":{"start":{"line":39,"column":12},"end":{"line":39,"column":40}},"10":{"start":{"line":42,"column":22},"end":{"line":42,"column":70}},"11":{"start":{"line":43,"column":22},"end":{"line":43,"column":42}},"12":{"start":{"line":44,"column":12},"end":{"line":44,"column":40}},"13":{"start":{"line":47,"column":22},"end":{"line":47,"column":57}},"14":{"start":{"line":48,"column":23},"end":{"line":48,"column":30}},"15":{"start":{"line":49,"column":25},"end":{"line":49,"column":48}},"16":{"start":{"line":50,"column":22},"end":{"line":50,"column":57}},"17":{"start":{"line":51,"column":12},"end":{"line":51,"column":42}},"18":{"start":{"line":54,"column":26},"end":{"line":54,"column":50}},"19":{"start":{"line":55,"column":22},"end":{"line":55,"column":81}},"20":{"start":{"line":56,"column":22},"end":{"line":56,"column":42}},"21":{"start":{"line":57,"column":12},"end":{"line":57,"column":54}},"22":{"start":{"line":60,"column":26},"end":{"line":60,"column":50}},"23":{"start":{"line":61,"column":22},"end":{"line":61,"column":81}},"24":{"start":{"line":62,"column":22},"end":{"line":62,"column":42}},"25":{"start":{"line":63,"column":12},"end":{"line":63,"column":54}},"26":{"start":{"line":69,"column":27},"end":{"line":69,"column":39}},"27":{"start":{"line":70,"column":27},"end":{"line":70,"column":39}},"28":{"start":{"line":71,"column":25},"end":{"line":71,"column":35}},"29":{"start":{"line":72,"column":33},"end":{"line":72,"column":51}},"30":{"start":{"line":73,"column":33},"end":{"line":73,"column":51}}},"fnMap":{"0":{"name":"(anonymous_0)","decl":{"start":{"line":19,"column":8},"end":{"line":19,"column":9}},"loc":{"start":{"line":19,"column":34},"end":{"line":21,"column":9}},"line":19},"1":{"name":"(anonymous_1)","decl":{"start":{"line":22,"column":8},"end":{"line":22,"column":9}},"loc":{"start":{"line":22,"column":34},"end":{"line":24,"column":9}},"line":22},"2":{"name":"(anonymous_2)","decl":{"start":{"line":25,"column":8},"end":{"line":25,"column":9}},"loc":{"start":{"line":25,"column":32},"end":{"line":27,"column":9}},"line":25},"3":{"name":"(anonymous_3)","decl":{"start":{"line":28,"column":8},"end":{"line":28,"column":9}},"loc":{"start":{"line":28,"column":47},"end":{"line":30,"column":9}},"line":28},"4":{"name":"(anonymous_4)","decl":{"start":{"line":31,"column":8},"end":{"line":31,"column":9}},"loc":{"start":{"line":31,"column":47},"end":{"line":33,"column":9}},"line":31},"5":{"name":"(anonymous_5)","decl":{"start":{"line":36,"column":8},"end":{"line":36,"column":9}},"loc":{"start":{"line":36,"column":51},"end":{"line":40,"column":9}},"line":36},"6":{"name":"(anonymous_6)","decl":{"start":{"line":41,"column":8},"end":{"line":41,"column":9}},"loc":{"start":{"line":41,"column":51},"end":{"line":45,"column":9}},"line":41},"7":{"name":"(anonymous_7)","decl":{"start":{"line":46,"column":8},"end":{"line":46,"column":9}},"loc":{"start":{"line":46,"column":45},"end":{"line":52,"column":9}},"line":46},"8":{"name":"(anonymous_8)","decl":{"start":{"line":53,"column":8},"end":{"line":53,"column":9}},"loc":{"start":{"line":53,"column":49},"end":{"line":58,"column":9}},"line":53},"9":{"name":"(anonymous_9)","decl":{"start":{"line":59,"column":8},"end":{"line":59,"column":9}},"loc":{"start":{"line":59,"column":49},"end":{"line":64,"column":9}},"line":59},"10":{"name":"(anonymous_10)","decl":{"start":{"line":69,"column":16},"end":{"line":69,"column":17}},"loc":{"start":{"line":69,"column":27},"end":{"line":69,"column":39}},"line":69},"11":{"name":"(anonymous_11)","decl":{"start":{"line":70,"column":16},"end":{"line":70,"column":17}},"loc":{"start":{"line":70,"column":27},"end":{"line":70,"column":39}},"line":70},"12":{"name":"(anonymous_12)","decl":{"start":{"line":71,"column":14},"end":{"line":71,"column":15}},"loc":{"start":{"line":71,"column":25},"end":{"line":71,"column":35}},"line":71},"13":{"name":"(anonymous_13)","decl":{"start":{"line":72,"column":22},"end":{"line":72,"column":23}},"loc":{"start":{"line":72,"column":33},"end":{"line":72,"column":51}},"line":72},"14":{"name":"(anonymous_14)","decl":{"start":{"line":73,"column":22},"end":{"line":73,"column":23}},"loc":{"start":{"line":73,"column":33},"end":{"line":73,"column":51}},"line":73}},"branchMap":{"0":{"loc":{"start":{"line":6,"column":19},"end":{"line":6,"column":74}},"type":"binary-expr","locations":[{"start":{"line":6,"column":19},"end":{"line":6,"column":47}},{"start":{"line":6,"column":51},"end":{"line":6,"column":74}}],"line":6}},"s":{"0":1,"1":1,"2":0,"3":0,"4":0,"5":0,"6":0,"7":5,"8":5,"9":0,"10":0,"11":0,"12":0,"13":0,"14":0,"15":0,"16":0,"17":0,"18":0,"19":0,"20":0,"21":0,"22":0,"23":0,"24":0,"25":0,"26":0,"27":0,"28":0,"29":0,"30":0},"f":{"0":0,"1":0,"2":0,"3":0,"4":0,"5":5,"6":0,"7":0,"8":0,"9":0,"10":0,"11":0,"12":0,"13":0,"14":0},"b":{"0":[1,0]},"_coverageSchema":"43e27e138ebf9cfc5966b082cf9a028302ed4184","hash":"0418762e3d39c954940c1a9d14b79b54cf62d248"}
,"/home/nataset/workfolder/js/webtech/webtech-final/frontend/src/store/pointHistory.js": {"path":"/home/nataset/workfolder/js/webtech/webtech-final/frontend/src/store/pointHistory.js","statementMap":{"0":{"start":{"line":6,"column":19},"end":{"line":6,"column":74}},"1":{"start":{"line":8,"column":0},"end":{"line":8,"column":14}},"2":{"start":{"line":15,"column":33},"end":{"line":15,"column":51}},"3":{"start":{"line":19,"column":12},"end":{"line":19,"column":42}},"4":{"start":{"line":24,"column":22},"end":{"line":24,"column":58}},"5":{"start":{"line":25,"column":23},"end":{"line":25,"column":30}},"6":{"start":{"line":26,"column":25},"end":{"line":26,"column":48}},"7":{"start":{"line":27,"column":22},"end":{"line":27,"column":57}},"8":{"start":{"line":30,"column":26},"end":{"line":30,"column":50}},"9":{"start":{"line":31,"column":22},"end":{"line":31,"column":69}},"10":{"start":{"line":32,"column":22},"end":{"line":32,"column":42}},"11":{"start":{"line":33,"column":12},"end":{"line":33,"column":49}}},"fnMap":{"0":{"name":"(anonymous_0)","decl":{"start":{"line":15,"column":22},"end":{"line":15,"column":23}},"loc":{"start":{"line":15,"column":33},"end":{"line":15,"column":51}},"line":15},"1":{"name":"(anonymous_1)","decl":{"start":{"line":18,"column":8},"end":{"line":18,"column":9}},"loc":{"start":{"line":18,"column":42},"end":{"line":20,"column":9}},"line":18},"2":{"name":"(anonymous_2)","decl":{"start":{"line":23,"column":8},"end":{"line":23,"column":9}},"loc":{"start":{"line":23,"column":44},"end":{"line":28,"column":9}},"line":23},"3":{"name":"(anonymous_3)","decl":{"start":{"line":29,"column":8},"end":{"line":29,"column":9}},"loc":{"start":{"line":29,"column":44},"end":{"line":34,"column":9}},"line":29}},"branchMap":{"0":{"loc":{"start":{"line":6,"column":19},"end":{"line":6,"column":74}},"type":"binary-expr","locations":[{"start":{"line":6,"column":19},"end":{"line":6,"column":47}},{"start":{"line":6,"column":51},"end":{"line":6,"column":74}}],"line":6}},"s":{"0":1,"1":1,"2":0,"3":0,"4":0,"5":0,"6":0,"7":0,"8":0,"9":0,"10":0,"11":0},"f":{"0":0,"1":0,"2":0,"3":0},"b":{"0":[1,0]},"_coverageSchema":"43e27e138ebf9cfc5966b082cf9a028302ed4184","hash":"860ebc143c477ce31b5823307c8c85481df32416"}
,"/home/nataset/workfolder/js/webtech/webtech-final/frontend/src/store/pointRate.js": {"path":"/home/nataset/workfolder/js/webtech/webtech-final/frontend/src/store/pointRate.js","statementMap":{"0":{"start":{"line":5,"column":19},"end":{"line":5,"column":74}},"1":{"start":{"line":7,"column":0},"end":{"line":7,"column":13}},"2":{"start":{"line":16,"column":20},"end":{"line":16,"column":56}},"3":{"start":{"line":17,"column":20},"end":{"line":17,"column":40}},"4":{"start":{"line":18,"column":10},"end":{"line":18,"column":30}}},"fnMap":{"0":{"name":"(anonymous_0)","decl":{"start":{"line":15,"column":6},"end":{"line":15,"column":7}},"loc":{"start":{"line":15,"column":33},"end":{"line":19,"column":7}},"line":15}},"branchMap":{"0":{"loc":{"start":{"line":5,"column":19},"end":{"line":5,"column":74}},"type":"binary-expr","locations":[{"start":{"line":5,"column":19},"end":{"line":5,"column":47}},{"start":{"line":5,"column":51},"end":{"line":5,"column":74}}],"line":5}},"s":{"0":1,"1":1,"2":10,"3":10,"4":0},"f":{"0":10},"b":{"0":[1,0]},"_coverageSchema":"43e27e138ebf9cfc5966b082cf9a028302ed4184","hash":"cf2d182e6ba93925c30ce5a4591dca3b344afb3e"}
,"/home/nataset/workfolder/js/webtech/webtech-final/frontend/src/views/Home.vue": {"path":"/home/nataset/workfolder/js/webtech/webtech-final/frontend/src/views/Home.vue","statementMap":{"0":{"start":{"line":181,"column":0},"end":{"line":181,"column":null}},"1":{"start":{"line":182,"column":0},"end":{"line":182,"column":null}},"2":{"start":{"line":183,"column":0},"end":{"line":183,"column":null}},"3":{"start":{"line":184,"column":0},"end":{"line":184,"column":null}},"4":{"start":{"line":185,"column":0},"end":{"line":185,"column":null}},"5":{"start":{"line":186,"column":0},"end":{"line":186,"column":null}},"6":{"start":{"line":191,"column":0},"end":{"line":191,"column":null}},"7":{"start":{"line":202,"column":0},"end":{"line":202,"column":null}},"8":{"start":{"line":205,"column":0},"end":{"line":205,"column":null}},"9":{"start":{"line":206,"column":0},"end":{"line":206,"column":null}},"10":{"start":{"line":209,"column":0},"end":{"line":209,"column":null}},"11":{"start":{"line":210,"column":0},"end":{"line":210,"column":null}},"12":{"start":{"line":211,"column":0},"end":{"line":211,"column":null}},"13":{"start":{"line":214,"column":0},"end":{"line":226,"column":null}},"14":{"start":{"line":216,"column":0},"end":{"line":216,"column":null}},"15":{"start":{"line":217,"column":0},"end":{"line":219,"column":null}},"16":{"start":{"line":218,"column":0},"end":{"line":218,"column":null}},"17":{"start":{"line":222,"column":0},"end":{"line":222,"column":null}},"18":{"start":{"line":223,"column":0},"end":{"line":225,"column":null}},"19":{"start":{"line":224,"column":0},"end":{"line":224,"column":null}},"20":{"start":{"line":227,"column":0},"end":{"line":227,"column":null}},"21":{"start":{"line":231,"column":0},"end":{"line":231,"column":null}},"22":{"start":{"line":233,"column":0},"end":{"line":233,"column":null}},"23":{"start":{"line":237,"column":0},"end":{"line":237,"column":null}},"24":{"start":{"line":241,"column":0},"end":{"line":241,"column":null}},"25":{"start":{"line":243,"column":0},"end":{"line":243,"column":null}},"26":{"start":{"line":247,"column":0},"end":{"line":247,"column":null}},"27":{"start":{"line":251,"column":0},"end":{"line":257,"column":null}},"28":{"start":{"line":252,"column":0},"end":{"line":254,"column":null}},"29":{"start":{"line":253,"column":0},"end":{"line":253,"column":null}},"30":{"start":{"line":255,"column":0},"end":{"line":255,"column":null}},"31":{"start":{"line":256,"column":0},"end":{"line":256,"column":null}},"32":{"start":{"line":261,"column":0},"end":{"line":261,"column":null}},"33":{"start":{"line":265,"column":0},"end":{"line":265,"column":null}},"34":{"start":{"line":266,"column":0},"end":{"line":266,"column":null}},"35":{"start":{"line":267,"column":0},"end":{"line":267,"column":null}},"36":{"start":{"line":268,"column":0},"end":{"line":268,"column":null}},"37":{"start":{"line":269,"column":0},"end":{"line":269,"column":null}},"38":{"start":{"line":270,"column":0},"end":{"line":270,"column":null}},"39":{"start":{"line":274,"column":0},"end":{"line":276,"column":null}},"40":{"start":{"line":275,"column":0},"end":{"line":275,"column":null}},"41":{"start":{"line":278,"column":0},"end":{"line":282,"column":null}},"42":{"start":{"line":279,"column":0},"end":{"line":279,"column":null}},"43":{"start":{"line":280,"column":0},"end":{"line":280,"column":null}},"44":{"start":{"line":281,"column":0},"end":{"line":281,"column":null}},"45":{"start":{"line":284,"column":0},"end":{"line":288,"column":null}},"46":{"start":{"line":285,"column":0},"end":{"line":285,"column":null}},"47":{"start":{"line":286,"column":0},"end":{"line":286,"column":null}},"48":{"start":{"line":287,"column":0},"end":{"line":287,"column":null}},"49":{"start":{"line":292,"column":0},"end":{"line":292,"column":null}},"50":{"start":{"line":295,"column":0},"end":{"line":295,"column":null}},"51":{"start":{"line":298,"column":0},"end":{"line":298,"column":null}},"52":{"start":{"line":302,"column":0},"end":{"line":305,"column":null}},"53":{"start":{"line":303,"column":0},"end":{"line":303,"column":null}},"54":{"start":{"line":304,"column":0},"end":{"line":304,"column":null}},"55":{"start":{"line":309,"column":0},"end":{"line":311,"column":null}},"56":{"start":{"line":310,"column":0},"end":{"line":310,"column":null}},"57":{"start":{"line":315,"column":0},"end":{"line":326,"column":null}},"58":{"start":{"line":319,"column":0},"end":{"line":319,"column":null}},"59":{"start":{"line":320,"column":0},"end":{"line":320,"column":null}},"60":{"start":{"line":321,"column":0},"end":{"line":321,"column":null}},"61":{"start":{"line":323,"column":0},"end":{"line":323,"column":null}},"62":{"start":{"line":325,"column":0},"end":{"line":325,"column":null}},"63":{"start":{"line":330,"column":0},"end":{"line":330,"column":null}},"64":{"start":{"line":331,"column":0},"end":{"line":331,"column":null}},"65":{"start":{"line":332,"column":0},"end":{"line":332,"column":null}},"66":{"start":{"line":333,"column":0},"end":{"line":333,"column":null}},"67":{"start":{"line":334,"column":0},"end":{"line":334,"column":null}},"68":{"start":{"line":335,"column":0},"end":{"line":335,"column":null}},"69":{"start":{"line":336,"column":0},"end":{"line":336,"column":null}},"70":{"start":{"line":337,"column":0},"end":{"line":337,"column":null}}},"fnMap":{"0":{"name":"(anonymous_1)","decl":{"start":{"line":190,"column":0},"end":{"line":190,"column":null}},"loc":{"start":{"line":190,"column":0},"end":{"line":199,"column":null}}},"1":{"name":"(anonymous_2)","decl":{"start":{"line":201,"column":0},"end":{"line":201,"column":null}},"loc":{"start":{"line":201,"column":0},"end":{"line":203,"column":null}}},"2":{"name":"(anonymous_3)","decl":{"start":{"line":204,"column":0},"end":{"line":204,"column":null}},"loc":{"start":{"line":204,"column":0},"end":{"line":207,"column":null}}},"3":{"name":"(anonymous_4)","decl":{"start":{"line":208,"column":0},"end":{"line":208,"column":null}},"loc":{"start":{"line":208,"column":0},"end":{"line":212,"column":null}}},"4":{"name":"(anonymous_5)","decl":{"start":{"line":213,"column":0},"end":{"line":213,"column":null}},"loc":{"start":{"line":213,"column":0},"end":{"line":228,"column":null}}},"5":{"name":"(anonymous_6)","decl":{"start":{"line":217,"column":0},"end":{"line":217,"column":null}},"loc":{"start":{"line":217,"column":0},"end":{"line":219,"column":null}}},"6":{"name":"(anonymous_7)","decl":{"start":{"line":223,"column":0},"end":{"line":223,"column":null}},"loc":{"start":{"line":223,"column":0},"end":{"line":225,"column":null}}},"7":{"name":"(anonymous_8)","decl":{"start":{"line":230,"column":0},"end":{"line":230,"column":null}},"loc":{"start":{"line":230,"column":0},"end":{"line":238,"column":null}}},"8":{"name":"(anonymous_9)","decl":{"start":{"line":240,"column":0},"end":{"line":240,"column":null}},"loc":{"start":{"line":240,"column":0},"end":{"line":248,"column":null}}},"9":{"name":"(anonymous_10)","decl":{"start":{"line":250,"column":0},"end":{"line":250,"column":null}},"loc":{"start":{"line":250,"column":0},"end":{"line":258,"column":null}}},"10":{"name":"(anonymous_11)","decl":{"start":{"line":260,"column":0},"end":{"line":260,"column":null}},"loc":{"start":{"line":260,"column":0},"end":{"line":262,"column":null}}},"11":{"name":"(anonymous_12)","decl":{"start":{"line":264,"column":0},"end":{"line":264,"column":null}},"loc":{"start":{"line":264,"column":0},"end":{"line":271,"column":null}}},"12":{"name":"(anonymous_13)","decl":{"start":{"line":273,"column":0},"end":{"line":273,"column":null}},"loc":{"start":{"line":273,"column":0},"end":{"line":289,"column":null}}},"13":{"name":"(anonymous_14)","decl":{"start":{"line":274,"column":0},"end":{"line":274,"column":null}},"loc":{"start":{"line":274,"column":0},"end":{"line":276,"column":null}}},"14":{"name":"(anonymous_15)","decl":{"start":{"line":278,"column":0},"end":{"line":278,"column":null}},"loc":{"start":{"line":278,"column":0},"end":{"line":282,"column":null}}},"15":{"name":"(anonymous_16)","decl":{"start":{"line":284,"column":0},"end":{"line":284,"column":null}},"loc":{"start":{"line":284,"column":0},"end":{"line":288,"column":null}}},"16":{"name":"(anonymous_17)","decl":{"start":{"line":291,"column":0},"end":{"line":291,"column":null}},"loc":{"start":{"line":291,"column":0},"end":{"line":293,"column":null}}},"17":{"name":"(anonymous_18)","decl":{"start":{"line":294,"column":0},"end":{"line":294,"column":null}},"loc":{"start":{"line":294,"column":0},"end":{"line":296,"column":null}}},"18":{"name":"(anonymous_19)","decl":{"start":{"line":297,"column":0},"end":{"line":297,"column":null}},"loc":{"start":{"line":297,"column":0},"end":{"line":299,"column":null}}},"19":{"name":"(anonymous_20)","decl":{"start":{"line":301,"column":0},"end":{"line":301,"column":null}},"loc":{"start":{"line":301,"column":0},"end":{"line":306,"column":null}}},"20":{"name":"(anonymous_21)","decl":{"start":{"line":308,"column":0},"end":{"line":308,"column":null}},"loc":{"start":{"line":308,"column":0},"end":{"line":312,"column":null}}},"21":{"name":"(anonymous_22)","decl":{"start":{"line":314,"column":0},"end":{"line":314,"column":null}},"loc":{"start":{"line":314,"column":0},"end":{"line":327,"column":null}}},"22":{"name":"(anonymous_23)","decl":{"start":{"line":329,"column":0},"end":{"line":329,"column":null}},"loc":{"start":{"line":329,"column":0},"end":{"line":338,"column":null}}}},"branchMap":{"0":{"loc":{"start":{"line":214,"column":0},"end":{"line":226,"column":null}},"type":"if","locations":[{"start":{"line":214,"column":0},"end":{"line":226,"column":null}},{"start":{"line":214,"column":0},"end":{"line":226,"column":null}}]},"1":{"loc":{"start":{"line":251,"column":0},"end":{"line":257,"column":null}},"type":"if","locations":[{"start":{"line":251,"column":0},"end":{"line":257,"column":null}},{"start":{"line":251,"column":0},"end":{"line":257,"column":null}}]},"2":{"loc":{"start":{"line":252,"column":0},"end":{"line":254,"column":null}},"type":"if","locations":[{"start":{"line":252,"column":0},"end":{"line":254,"column":null}},{"start":{"line":252,"column":0},"end":{"line":254,"column":null}}]},"3":{"loc":{"start":{"line":261,"column":0},"end":{"line":261,"column":null}},"type":"binary-expr","locations":[{"start":{"line":261,"column":0},"end":{"line":261,"column":null}},{"start":{"line":261,"column":0},"end":{"line":261,"column":null}}]},"4":{"loc":{"start":{"line":292,"column":0},"end":{"line":292,"column":null}},"type":"cond-expr","locations":[{"start":{"line":292,"column":0},"end":{"line":292,"column":null}},{"start":{"line":292,"column":0},"end":{"line":292,"column":null}}]},"5":{"loc":{"start":{"line":302,"column":0},"end":{"line":305,"column":null}},"type":"if","locations":[{"start":{"line":302,"column":0},"end":{"line":305,"column":null}},{"start":{"line":302,"column":0},"end":{"line":305,"column":null}}]},"6":{"loc":{"start":{"line":309,"column":0},"end":{"line":311,"column":null}},"type":"if","locations":[{"start":{"line":309,"column":0},"end":{"line":311,"column":null}},{"start":{"line":309,"column":0},"end":{"line":311,"column":null}}]},"7":{"loc":{"start":{"line":315,"column":0},"end":{"line":326,"column":null}},"type":"if","locations":[{"start":{"line":315,"column":0},"end":{"line":326,"column":null}},{"start":{"line":315,"column":0},"end":{"line":326,"column":null}}]},"8":{"loc":{"start":{"line":315,"column":0},"end":{"line":315,"column":null}},"type":"binary-expr","locations":[{"start":{"line":315,"column":0},"end":{"line":315,"column":null}},{"start":{"line":315,"column":0},"end":{"line":315,"column":null}}]}},"s":{"0":1,"1":1,"2":1,"3":1,"4":1,"5":1,"6":10,"7":4,"8":2,"9":2,"10":2,"11":2,"12":2,"13":0,"14":0,"15":0,"16":0,"17":0,"18":0,"19":0,"20":0,"21":0,"22":0,"23":0,"24":0,"25":0,"26":0,"27":0,"28":0,"29":0,"30":0,"31":0,"32":0,"33":10,"34":10,"35":10,"36":10,"37":10,"38":10,"39":10,"40":0,"41":10,"42":0,"43":0,"44":0,"45":10,"46":0,"47":0,"48":0,"49":10,"50":0,"51":10,"52":10,"53":10,"54":10,"55":10,"56":10,"57":0,"58":0,"59":0,"60":0,"61":0,"62":0,"63":10,"64":10,"65":10,"66":10,"67":10,"68":10,"69":10,"70":10},"f":{"0":10,"1":4,"2":2,"3":2,"4":0,"5":0,"6":0,"7":0,"8":0,"9":0,"10":0,"11":10,"12":10,"13":0,"14":0,"15":0,"16":10,"17":0,"18":10,"19":10,"20":10,"21":0,"22":10},"b":{"0":[0,0],"1":[0,0],"2":[0,0],"3":[0,0],"4":[10,0],"5":[10,0],"6":[10,0],"7":[0,0],"8":[0,0]}}
,"/home/nataset/workfolder/js/webtech/webtech-final/frontend/src/views/Inventory.vue": {"path":"/home/nataset/workfolder/js/webtech/webtech-final/frontend/src/views/Inventory.vue","statementMap":{"0":{"start":{"line":8,"column":0},"end":{"line":8,"column":null}},"1":{"start":{"line":9,"column":0},"end":{"line":9,"column":null}},"2":{"start":{"line":17,"column":0},"end":{"line":20,"column":null}},"3":{"start":{"line":18,"column":0},"end":{"line":18,"column":null}},"4":{"start":{"line":19,"column":0},"end":{"line":19,"column":null}},"5":{"start":{"line":21,"column":0},"end":{"line":21,"column":null}},"6":{"start":{"line":26,"column":0},"end":{"line":26,"column":null}},"7":{"start":{"line":29,"column":0},"end":{"line":31,"column":null}},"8":{"start":{"line":30,"column":0},"end":{"line":30,"column":null}}},"fnMap":{"0":{"name":"(anonymous_1)","decl":{"start":{"line":16,"column":0},"end":{"line":16,"column":null}},"loc":{"start":{"line":16,"column":0},"end":{"line":22,"column":null}}},"1":{"name":"(anonymous_2)","decl":{"start":{"line":25,"column":0},"end":{"line":25,"column":null}},"loc":{"start":{"line":25,"column":0},"end":{"line":27,"column":null}}},"2":{"name":"(anonymous_3)","decl":{"start":{"line":28,"column":0},"end":{"line":28,"column":null}},"loc":{"start":{"line":28,"column":0},"end":{"line":32,"column":null}}}},"branchMap":{"0":{"loc":{"start":{"line":17,"column":0},"end":{"line":20,"column":null}},"type":"if","locations":[{"start":{"line":17,"column":0},"end":{"line":20,"column":null}},{"start":{"line":17,"column":0},"end":{"line":20,"column":null}}]},"1":{"loc":{"start":{"line":29,"column":0},"end":{"line":31,"column":null}},"type":"if","locations":[{"start":{"line":29,"column":0},"end":{"line":31,"column":null}},{"start":{"line":29,"column":0},"end":{"line":31,"column":null}}]}},"s":{"0":1,"1":1,"2":1,"3":0,"4":0,"5":1,"6":2,"7":1,"8":1},"f":{"0":1,"1":2,"2":1},"b":{"0":[0,1],"1":[1,0]}}
,"/home/nataset/workfolder/js/webtech/webtech-final/frontend/src/views/Profile.vue": {"path":"/home/nataset/workfolder/js/webtech/webtech-final/frontend/src/views/Profile.vue","statementMap":{"0":{"start":{"line":16,"column":0},"end":{"line":16,"column":null}},"1":{"start":{"line":17,"column":0},"end":{"line":17,"column":null}},"2":{"start":{"line":18,"column":0},"end":{"line":18,"column":null}},"3":{"start":{"line":19,"column":0},"end":{"line":19,"column":null}},"4":{"start":{"line":20,"column":0},"end":{"line":20,"column":null}},"5":{"start":{"line":29,"column":0},"end":{"line":32,"column":null}},"6":{"start":{"line":30,"column":0},"end":{"line":30,"column":null}},"7":{"start":{"line":31,"column":0},"end":{"line":31,"column":null}},"8":{"start":{"line":33,"column":0},"end":{"line":33,"column":null}},"9":{"start":{"line":37,"column":0},"end":{"line":37,"column":null}},"10":{"start":{"line":41,"column":0},"end":{"line":43,"column":null}},"11":{"start":{"line":42,"column":0},"end":{"line":42,"column":null}}},"fnMap":{"0":{"name":"(anonymous_1)","decl":{"start":{"line":28,"column":0},"end":{"line":28,"column":null}},"loc":{"start":{"line":28,"column":0},"end":{"line":34,"column":null}}},"1":{"name":"(anonymous_2)","decl":{"start":{"line":36,"column":0},"end":{"line":36,"column":null}},"loc":{"start":{"line":36,"column":0},"end":{"line":38,"column":null}}},"2":{"name":"(anonymous_3)","decl":{"start":{"line":40,"column":0},"end":{"line":40,"column":null}},"loc":{"start":{"line":40,"column":0},"end":{"line":44,"column":null}}}},"branchMap":{"0":{"loc":{"start":{"line":29,"column":0},"end":{"line":32,"column":null}},"type":"if","locations":[{"start":{"line":29,"column":0},"end":{"line":32,"column":null}},{"start":{"line":29,"column":0},"end":{"line":32,"column":null}}]},"1":{"loc":{"start":{"line":41,"column":0},"end":{"line":43,"column":null}},"type":"if","locations":[{"start":{"line":41,"column":0},"end":{"line":43,"column":null}},{"start":{"line":41,"column":0},"end":{"line":43,"column":null}}]}},"s":{"0":1,"1":1,"2":1,"3":1,"4":1,"5":1,"6":0,"7":0,"8":1,"9":2,"10":1,"11":1},"f":{"0":1,"1":2,"2":1},"b":{"0":[0,1],"1":[1,0]}}
,"/home/nataset/workfolder/js/webtech/webtech-final/frontend/src/views/Shop.vue": {"path":"/home/nataset/workfolder/js/webtech/webtech-final/frontend/src/views/Shop.vue","statementMap":{"0":{"start":{"line":8,"column":0},"end":{"line":8,"column":null}},"1":{"start":{"line":9,"column":0},"end":{"line":9,"column":null}},"2":{"start":{"line":17,"column":0},"end":{"line":20,"column":null}},"3":{"start":{"line":18,"column":0},"end":{"line":18,"column":null}},"4":{"start":{"line":19,"column":0},"end":{"line":19,"column":null}},"5":{"start":{"line":21,"column":0},"end":{"line":21,"column":null}},"6":{"start":{"line":25,"column":0},"end":{"line":25,"column":null}},"7":{"start":{"line":29,"column":0},"end":{"line":31,"column":null}},"8":{"start":{"line":30,"column":0},"end":{"line":30,"column":null}}},"fnMap":{"0":{"name":"(anonymous_1)","decl":{"start":{"line":16,"column":0},"end":{"line":16,"column":null}},"loc":{"start":{"line":16,"column":0},"end":{"line":22,"column":null}}},"1":{"name":"(anonymous_2)","decl":{"start":{"line":24,"column":0},"end":{"line":24,"column":null}},"loc":{"start":{"line":24,"column":0},"end":{"line":26,"column":null}}},"2":{"name":"(anonymous_3)","decl":{"start":{"line":28,"column":0},"end":{"line":28,"column":null}},"loc":{"start":{"line":28,"column":0},"end":{"line":32,"column":null}}}},"branchMap":{"0":{"loc":{"start":{"line":17,"column":0},"end":{"line":20,"column":null}},"type":"if","locations":[{"start":{"line":17,"column":0},"end":{"line":20,"column":null}},{"start":{"line":17,"column":0},"end":{"line":20,"column":null}}]},"1":{"loc":{"start":{"line":29,"column":0},"end":{"line":31,"column":null}},"type":"if","locations":[{"start":{"line":29,"column":0},"end":{"line":31,"column":null}},{"start":{"line":29,"column":0},"end":{"line":31,"column":null}}]}},"s":{"0":1,"1":1,"2":1,"3":0,"4":0,"5":1,"6":2,"7":1,"8":1},"f":{"0":1,"1":2,"2":1},"b":{"0":[0,1],"1":[1,0]}}
}
