TN:
SF:/home/nataset/workfolder/js/webtech/webtech-final/frontend/src/components/home/EnterRoom.vue
FN:88,(anonymous_1)
FN:98,(anonymous_2)
FN:102,(anonymous_3)
FN:103,(anonymous_4)
FN:111,(anonymous_5)
FN:117,(anonymous_6)
FNF:6
FNH:0
FNDA:0,(anonymous_1)
FNDA:0,(anonymous_2)
FNDA:0,(anonymous_3)
FNDA:0,(anonymous_4)
FNDA:0,(anonymous_5)
FNDA:0,(anonymous_6)
DA:83,1
DA:89,0
DA:99,0
DA:103,0
DA:104,0
DA:105,0
DA:106,0
DA:112,0
DA:118,0
LF:9
LH:1
BRDA:112,0,0,0
BRDA:112,0,1,0
BRF:2
BRH:0
end_of_record
TN:
SF:/home/nataset/workfolder/js/webtech/webtech-final/frontend/src/store/GameStore.js
FN:18,(anonymous_0)
FN:19,(anonymous_1)
FN:20,(anonymous_2)
FN:21,(anonymous_3)
FN:24,(anonymous_4)
FN:27,(anonymous_5)
FN:30,(anonymous_6)
FN:33,(anonymous_7)
FNF:8
FNH:4
FNDA:0,(anonymous_0)
FNDA:0,(anonymous_1)
FNDA:1,(anonymous_2)
FNDA:0,(anonymous_3)
FNDA:1,(anonymous_4)
FNDA:1,(anonymous_5)
FNDA:1,(anonymous_6)
FNDA:0,(anonymous_7)
DA:5,1
DA:7,1
DA:8,1
DA:18,0
DA:19,0
DA:20,1
DA:21,0
DA:25,1
DA:28,1
DA:31,1
DA:34,0
LF:11
LH:7
BRDA:7,0,0,1
BRDA:7,0,1,1
BRF:2
BRH:2
end_of_record
TN:
SF:/home/nataset/workfolder/js/webtech/webtech-final/frontend/src/views/Home.vue
FN:160,(anonymous_1)
FN:169,(anonymous_2)
FN:172,(anonymous_3)
FN:176,(anonymous_4)
FN:181,(anonymous_5)
FN:185,(anonymous_6)
FN:191,(anonymous_7)
FN:198,(anonymous_8)
FN:203,(anonymous_9)
FN:208,(anonymous_10)
FN:215,(anonymous_11)
FN:216,(anonymous_12)
FN:220,(anonymous_13)
FN:226,(anonymous_14)
FN:233,(anonymous_15)
FNF:15
FNH:4
FNDA:1,(anonymous_1)
FNDA:0,(anonymous_2)
FNDA:0,(anonymous_3)
FNDA:0,(anonymous_4)
FNDA:0,(anonymous_5)
FNDA:0,(anonymous_6)
FNDA:0,(anonymous_7)
FNDA:0,(anonymous_8)
FNDA:0,(anonymous_9)
FNDA:1,(anonymous_10)
FNDA:1,(anonymous_11)
FNDA:0,(anonymous_12)
FNDA:0,(anonymous_13)
FNDA:0,(anonymous_14)
FNDA:1,(anonymous_15)
DA:154,1
DA:155,1
DA:161,1
DA:170,0
DA:173,0
DA:174,0
DA:177,0
DA:178,0
DA:179,0
DA:182,0
DA:184,0
DA:185,0
DA:186,0
DA:190,0
DA:191,0
DA:192,0
DA:195,0
DA:199,0
DA:200,0
DA:204,0
DA:205,0
DA:209,1
DA:210,1
DA:211,1
DA:212,1
DA:216,1
DA:217,0
DA:220,1
DA:221,0
DA:222,0
DA:223,0
DA:226,1
DA:227,0
DA:228,0
DA:229,0
DA:234,1
DA:235,1
DA:236,1
LF:38
LH:13
BRDA:182,0,0,0
BRDA:182,0,1,0
BRF:2
BRH:0
end_of_record
