TN:
SF:/home/nataset/workfolder/js/webtech/webtech-final/frontend/src/components/chat/Chat.vue
FN:27,(anonymous_1)
FN:36,(anonymous_2)
FN:41,(anonymous_3)
FN:44,(anonymous_4)
FN:49,(anonymous_5)
FNF:5
FNH:0
FNDA:0,(anonymous_1)
FNDA:0,(anonymous_2)
FNDA:0,(anonymous_3)
FNDA:0,(anonymous_4)
FNDA:0,(anonymous_5)
DA:23,1
DA:24,1
DA:25,1
DA:28,0
DA:37,0
DA:38,0
DA:42,0
DA:45,0
DA:46,0
DA:47,0
DA:50,0
LF:11
LH:3
BRF:0
BRH:0
end_of_record
TN:
SF:/home/nataset/workfolder/js/webtech/webtech-final/frontend/src/components/home/EnterRoom.vue
FN:109,(anonymous_1)
FN:119,(anonymous_2)
FN:123,(anonymous_3)
FN:128,(anonymous_4)
FN:132,(anonymous_5)
FN:133,(anonymous_6)
FN:140,(anonymous_7)
FN:145,(anonymous_8)
FNF:8
FNH:0
FNDA:0,(anonymous_1)
FNDA:0,(anonymous_2)
FNDA:0,(anonymous_3)
FNDA:0,(anonymous_4)
FNDA:0,(anonymous_5)
FNDA:0,(anonymous_6)
FNDA:0,(anonymous_7)
FNDA:0,(anonymous_8)
DA:102,1
DA:103,1
DA:104,1
DA:110,0
DA:120,0
DA:124,0
DA:125,0
DA:129,0
DA:133,0
DA:134,0
DA:135,0
DA:136,0
DA:141,0
DA:146,0
LF:14
LH:3
BRDA:141,0,0,0
BRDA:141,0,1,0
BRF:2
BRH:0
end_of_record
TN:
SF:/home/nataset/workfolder/js/webtech/webtech-final/frontend/src/components/inventory/InventoryTable.vue
FN:209,(anonymous_1)
FN:219,(anonymous_2)
FN:228,(anonymous_3)
FN:231,(anonymous_4)
FN:235,(anonymous_5)
FN:239,(anonymous_6)
FN:243,(anonymous_7)
FN:247,(anonymous_8)
FN:251,(anonymous_9)
FN:261,(anonymous_10)
FN:274,(anonymous_11)
FNF:11
FNH:8
FNDA:9,(anonymous_1)
FNDA:9,(anonymous_2)
FNDA:9,(anonymous_3)
FNDA:9,(anonymous_4)
FNDA:9,(anonymous_5)
FNDA:9,(anonymous_6)
FNDA:9,(anonymous_7)
FNDA:9,(anonymous_8)
FNDA:0,(anonymous_9)
FNDA:0,(anonymous_10)
FNDA:0,(anonymous_11)
DA:205,1
DA:206,1
DA:207,1
DA:210,9
DA:220,9
DA:221,9
DA:222,9
DA:224,9
DA:225,9
DA:229,9
DA:232,9
DA:233,9
DA:236,9
DA:237,9
DA:240,9
DA:241,9
DA:244,9
DA:245,9
DA:248,9
DA:252,0
DA:256,0
DA:258,0
DA:259,0
DA:262,0
DA:266,0
DA:268,0
DA:269,0
DA:271,0
DA:275,0
DA:279,0
DA:280,0
DA:281,0
DA:283,0
DA:284,0
LF:34
LH:19
BRDA:205,0,0,1
BRDA:205,0,1,0
BRDA:275,1,0,0
BRDA:275,1,1,0
BRDA:275,2,0,0
BRDA:275,2,1,0
BRF:6
BRH:1
end_of_record
TN:
SF:/home/nataset/workfolder/js/webtech/webtech-final/frontend/src/components/leaderboard/Leaderboard.vue
FN:123,(anonymous_1)
FN:131,(anonymous_2)
FN:137,(anonymous_3)
FN:143,(anonymous_4)
FN:146,(anonymous_5)
FN:149,(anonymous_6)
FN:163,(anonymous_7)
FN:181,(anonymous_8)
FNF:8
FNH:4
FNDA:5,(anonymous_1)
FNDA:5,(anonymous_2)
FNDA:5,(anonymous_3)
FNDA:0,(anonymous_4)
FNDA:2,(anonymous_5)
FNDA:0,(anonymous_6)
FNDA:0,(anonymous_7)
FNDA:0,(anonymous_8)
DA:119,1
DA:120,1
DA:124,5
DA:132,5
DA:133,0
DA:134,0
DA:138,5
DA:139,0
DA:140,0
DA:141,0
DA:144,0
DA:147,2
DA:150,0
DA:151,0
DA:161,0
DA:164,0
DA:182,0
LF:17
LH:6
BRDA:120,0,0,1
BRDA:120,0,1,0
BRF:2
BRH:1
end_of_record
TN:
SF:/home/nataset/workfolder/js/webtech/webtech-final/frontend/src/components/profile/PlayLog.vue
FN:67,(anonymous_1)
FN:72,(anonymous_2)
FN:76,(anonymous_3)
FN:80,(anonymous_4)
FN:85,(anonymous_5)
FN:99,(anonymous_6)
FNF:6
FNH:4
FNDA:2,(anonymous_1)
FNDA:2,(anonymous_2)
FNDA:2,(anonymous_3)
FNDA:2,(anonymous_4)
FNDA:0,(anonymous_5)
FNDA:0,(anonymous_6)
DA:64,1
DA:68,2
DA:73,2
DA:77,2
DA:78,2
DA:81,2
DA:82,2
DA:83,2
DA:86,0
DA:87,0
DA:97,0
DA:100,0
LF:12
LH:8
BRF:0
BRH:0
end_of_record
TN:
SF:/home/nataset/workfolder/js/webtech/webtech-final/frontend/src/components/profile/PointLog.vue
FN:94,(anonymous_1)
FN:99,(anonymous_2)
FN:103,(anonymous_3)
FN:107,(anonymous_4)
FN:112,(anonymous_5)
FNF:5
FNH:5
FNDA:3,(anonymous_1)
FNDA:3,(anonymous_2)
FNDA:3,(anonymous_3)
FNDA:3,(anonymous_4)
FNDA:3,(anonymous_5)
DA:91,1
DA:95,3
DA:100,3
DA:104,3
DA:105,3
DA:108,3
DA:109,3
DA:110,3
DA:113,3
LF:9
LH:9
BRF:0
BRH:0
end_of_record
TN:
SF:/home/nataset/workfolder/js/webtech/webtech-final/frontend/src/components/profile/Profile.vue
FN:53,(anonymous_1)
FN:60,(anonymous_2)
FN:64,(anonymous_3)
FN:71,(anonymous_4)
FN:74,(anonymous_5)
FNF:5
FNH:4
FNDA:3,(anonymous_1)
FNDA:3,(anonymous_2)
FNDA:3,(anonymous_3)
FNDA:3,(anonymous_4)
FNDA:0,(anonymous_5)
DA:49,1
DA:50,1
DA:54,3
DA:61,3
DA:65,6
DA:66,0
DA:72,3
DA:75,0
LF:8
LH:6
BRDA:50,0,0,1
BRDA:50,0,1,0
BRDA:65,1,0,3
BRDA:65,1,1,0
BRF:4
BRH:2
end_of_record
TN:
SF:/home/nataset/workfolder/js/webtech/webtech-final/frontend/src/components/profile/VersusLog.vue
FN:58,(anonymous_1)
FN:63,(anonymous_2)
FN:67,(anonymous_3)
FN:71,(anonymous_4)
FN:76,(anonymous_5)
FN:86,(anonymous_6)
FN:97,(anonymous_7)
FNF:7
FNH:5
FNDA:4,(anonymous_1)
FNDA:4,(anonymous_2)
FNDA:4,(anonymous_3)
FNDA:4,(anonymous_4)
FNDA:0,(anonymous_5)
FNDA:0,(anonymous_6)
FNDA:4,(anonymous_7)
DA:55,1
DA:59,4
DA:64,4
DA:68,4
DA:69,4
DA:72,4
DA:73,4
DA:74,4
DA:77,0
DA:78,0
DA:84,0
DA:87,0
DA:98,4
LF:13
LH:9
BRF:0
BRH:0
end_of_record
TN:
SF:/home/nataset/workfolder/js/webtech/webtech-final/frontend/src/components/shop/ShopTable.vue
FN:121,(anonymous_1)
FN:128,(anonymous_2)
FN:134,(anonymous_3)
FN:137,(anonymous_4)
FN:141,(anonymous_5)
FN:145,(anonymous_6)
FN:148,(anonymous_7)
FN:149,(anonymous_8)
FNF:8
FNH:6
FNDA:7,(anonymous_1)
FNDA:7,(anonymous_2)
FNDA:21,(anonymous_3)
FNDA:7,(anonymous_4)
FNDA:7,(anonymous_5)
FNDA:7,(anonymous_6)
FNDA:0,(anonymous_7)
FNDA:0,(anonymous_8)
DA:115,1
DA:116,1
DA:117,1
DA:118,1
DA:122,7
DA:129,7
DA:130,7
DA:131,7
DA:135,21
DA:138,7
DA:139,7
DA:142,7
DA:143,7
DA:146,7
DA:149,0
DA:159,0
DA:160,0
DA:161,0
DA:167,0
DA:168,0
DA:169,0
DA:171,0
DA:172,0
DA:173,0
DA:174,0
DA:176,0
DA:179,0
LF:27
LH:14
BRDA:115,0,0,1
BRDA:115,0,1,0
BRDA:159,1,0,0
BRDA:159,1,1,0
BRDA:160,2,0,0
BRDA:160,2,1,0
BRF:6
BRH:1
end_of_record
TN:
SF:/home/nataset/workfolder/js/webtech/webtech-final/frontend/src/services/chat.js
FN:6,(anonymous_0)
FN:8,(anonymous_1)
FN:15,(anonymous_2)
FN:19,(anonymous_3)
FN:20,(anonymous_4)
FN:26,(anonymous_5)
FNF:6
FNH:1
FNDA:1,(anonymous_0)
FNDA:0,(anonymous_1)
FNDA:0,(anonymous_2)
FNDA:0,(anonymous_3)
FNDA:0,(anonymous_4)
FNDA:0,(anonymous_5)
DA:9,0
DA:10,0
DA:11,0
DA:12,0
DA:16,0
DA:20,0
DA:21,0
DA:22,0
DA:23,0
DA:27,0
DA:28,0
LF:11
LH:0
BRF:0
BRH:0
end_of_record
TN:
SF:/home/nataset/workfolder/js/webtech/webtech-final/frontend/src/store/GameStore.js
FN:19,(anonymous_0)
FN:20,(anonymous_1)
FN:21,(anonymous_2)
FN:22,(anonymous_3)
FN:23,(anonymous_4)
FN:26,(anonymous_5)
FN:29,(anonymous_6)
FN:32,(anonymous_7)
FN:35,(anonymous_8)
FN:38,(anonymous_9)
FNF:10
FNH:5
FNDA:0,(anonymous_0)
FNDA:0,(anonymous_1)
FNDA:1,(anonymous_2)
FNDA:0,(anonymous_3)
FNDA:0,(anonymous_4)
FNDA:10,(anonymous_5)
FNDA:10,(anonymous_6)
FNDA:10,(anonymous_7)
FNDA:0,(anonymous_8)
FNDA:10,(anonymous_9)
DA:5,1
DA:7,1
DA:8,1
DA:19,0
DA:20,0
DA:21,1
DA:22,0
DA:23,0
DA:27,10
DA:30,10
DA:33,10
DA:36,0
DA:39,10
LF:13
LH:8
BRDA:7,0,0,1
BRDA:7,0,1,0
BRF:2
BRH:1
end_of_record
TN:
SF:/home/nataset/workfolder/js/webtech/webtech-final/frontend/src/store/authUser.js
FN:19,(anonymous_0)
FN:25,(anonymous_1)
FN:31,(anonymous_2)
FN:34,(anonymous_3)
FN:37,(anonymous_4)
FN:40,(anonymous_5)
FN:43,(anonymous_6)
FN:48,(anonymous_7)
FN:72,(anonymous_8)
FN:85,(anonymous_9)
FN:99,(anonymous_10)
FN:109,(anonymous_11)
FN:118,(anonymous_12)
FN:132,(anonymous_13)
FN:147,(anonymous_14)
FN:162,(anonymous_15)
FN:163,(anonymous_16)
FN:164,(anonymous_17)
FN:165,(anonymous_18)
FNF:19
FNH:0
FNDA:0,(anonymous_0)
FNDA:0,(anonymous_1)
FNDA:0,(anonymous_2)
FNDA:0,(anonymous_3)
FNDA:0,(anonymous_4)
FNDA:0,(anonymous_5)
FNDA:0,(anonymous_6)
FNDA:0,(anonymous_7)
FNDA:0,(anonymous_8)
FNDA:0,(anonymous_9)
FNDA:0,(anonymous_10)
FNDA:0,(anonymous_11)
FNDA:0,(anonymous_12)
FNDA:0,(anonymous_13)
FNDA:0,(anonymous_14)
FNDA:0,(anonymous_15)
FNDA:0,(anonymous_16)
FNDA:0,(anonymous_17)
FNDA:0,(anonymous_18)
DA:5,1
DA:7,1
DA:8,1
DA:9,1
DA:20,0
DA:21,0
DA:22,0
DA:23,0
DA:26,0
DA:27,0
DA:28,0
DA:29,0
DA:32,0
DA:35,0
DA:38,0
DA:41,0
DA:44,0
DA:49,0
DA:50,0
DA:54,0
DA:55,0
DA:56,0
DA:57,0
DA:59,0
DA:60,0
DA:61,0
DA:63,0
DA:64,0
DA:65,0
DA:66,0
DA:73,0
DA:74,0
DA:75,0
DA:76,0
DA:77,0
DA:78,0
DA:80,0
DA:81,0
DA:86,0
DA:87,0
DA:88,0
DA:89,0
DA:90,0
DA:92,0
DA:94,0
DA:95,0
DA:96,0
DA:100,0
DA:101,0
DA:104,0
DA:105,0
DA:106,0
DA:110,0
DA:111,0
DA:114,0
DA:115,0
DA:116,0
DA:119,0
DA:120,0
DA:121,0
DA:122,0
DA:123,0
DA:124,0
DA:125,0
DA:126,0
DA:127,0
DA:129,0
DA:133,0
DA:134,0
DA:138,0
DA:139,0
DA:140,0
DA:141,0
DA:142,0
DA:144,0
DA:148,0
DA:149,0
DA:150,0
DA:151,0
DA:152,0
DA:153,0
DA:155,0
DA:156,0
DA:162,0
DA:163,0
DA:164,0
DA:165,0
LF:87
LH:4
BRDA:9,0,0,1
BRDA:9,0,1,0
BRDA:13,1,0,0
BRDA:13,1,1,1
BRDA:14,2,0,0
BRDA:14,2,1,1
BRDA:15,3,0,0
BRDA:15,3,1,1
BRDA:16,4,0,0
BRDA:16,4,1,1
BRDA:56,5,0,0
BRDA:56,5,1,0
BRDA:63,6,0,0
BRDA:63,6,1,0
BRDA:65,7,0,0
BRDA:65,7,1,0
BRDA:80,8,0,0
BRDA:80,8,1,0
BRF:18
BRH:5
end_of_record
TN:
SF:/home/nataset/workfolder/js/webtech/webtech-final/frontend/src/store/chat.js
FN:15,(anonymous_0)
FN:16,(anonymous_1)
FN:19,(anonymous_2)
FN:22,(anonymous_3)
FN:25,(anonymous_4)
FNF:5
FNH:0
FNDA:0,(anonymous_0)
FNDA:0,(anonymous_1)
FNDA:0,(anonymous_2)
FNDA:0,(anonymous_3)
FNDA:0,(anonymous_4)
DA:5,1
DA:6,1
DA:7,1
DA:15,0
DA:16,0
DA:20,0
DA:23,0
DA:26,0
LF:8
LH:3
BRDA:6,0,0,1
BRDA:6,0,1,0
BRF:2
BRH:1
end_of_record
TN:
SF:/home/nataset/workfolder/js/webtech/webtech-final/frontend/src/store/playHistory.js
FN:19,(anonymous_0)
FN:22,(anonymous_1)
FN:25,(anonymous_2)
FN:28,(anonymous_3)
FN:31,(anonymous_4)
FN:36,(anonymous_5)
FN:41,(anonymous_6)
FN:46,(anonymous_7)
FN:53,(anonymous_8)
FN:59,(anonymous_9)
FN:69,(anonymous_10)
FN:70,(anonymous_11)
FN:71,(anonymous_12)
FN:72,(anonymous_13)
FN:73,(anonymous_14)
FNF:15
FNH:1
FNDA:0,(anonymous_0)
FNDA:0,(anonymous_1)
FNDA:0,(anonymous_2)
FNDA:0,(anonymous_3)
FNDA:0,(anonymous_4)
FNDA:5,(anonymous_5)
FNDA:0,(anonymous_6)
FNDA:0,(anonymous_7)
FNDA:0,(anonymous_8)
FNDA:0,(anonymous_9)
FNDA:0,(anonymous_10)
FNDA:0,(anonymous_11)
FNDA:0,(anonymous_12)
FNDA:0,(anonymous_13)
FNDA:0,(anonymous_14)
DA:6,1
DA:8,1
DA:20,0
DA:23,0
DA:26,0
DA:29,0
DA:32,0
DA:37,5
DA:38,5
DA:39,0
DA:42,0
DA:43,0
DA:44,0
DA:47,0
DA:48,0
DA:49,0
DA:50,0
DA:51,0
DA:54,0
DA:55,0
DA:56,0
DA:57,0
DA:60,0
DA:61,0
DA:62,0
DA:63,0
DA:69,0
DA:70,0
DA:71,0
DA:72,0
DA:73,0
LF:31
LH:4
BRDA:6,0,0,1
BRDA:6,0,1,0
BRF:2
BRH:1
end_of_record
TN:
SF:/home/nataset/workfolder/js/webtech/webtech-final/frontend/src/store/pointHistory.js
FN:15,(anonymous_0)
FN:18,(anonymous_1)
FN:23,(anonymous_2)
FN:29,(anonymous_3)
FNF:4
FNH:0
FNDA:0,(anonymous_0)
FNDA:0,(anonymous_1)
FNDA:0,(anonymous_2)
FNDA:0,(anonymous_3)
DA:6,1
DA:8,1
DA:15,0
DA:19,0
DA:24,0
DA:25,0
DA:26,0
DA:27,0
DA:30,0
DA:31,0
DA:32,0
DA:33,0
LF:12
LH:2
BRDA:6,0,0,1
BRDA:6,0,1,0
BRF:2
BRH:1
end_of_record
TN:
SF:/home/nataset/workfolder/js/webtech/webtech-final/frontend/src/store/pointRate.js
FN:15,(anonymous_0)
FNF:1
FNH:1
FNDA:10,(anonymous_0)
DA:5,1
DA:7,1
DA:16,10
DA:17,10
DA:18,0
LF:5
LH:4
BRDA:5,0,0,1
BRDA:5,0,1,0
BRF:2
BRH:1
end_of_record
TN:
SF:/home/nataset/workfolder/js/webtech/webtech-final/frontend/src/views/Home.vue
FN:190,(anonymous_1)
FN:201,(anonymous_2)
FN:204,(anonymous_3)
FN:208,(anonymous_4)
FN:213,(anonymous_5)
FN:217,(anonymous_6)
FN:223,(anonymous_7)
FN:230,(anonymous_8)
FN:240,(anonymous_9)
FN:250,(anonymous_10)
FN:260,(anonymous_11)
FN:264,(anonymous_12)
FN:273,(anonymous_13)
FN:274,(anonymous_14)
FN:278,(anonymous_15)
FN:284,(anonymous_16)
FN:291,(anonymous_17)
FN:294,(anonymous_18)
FN:297,(anonymous_19)
FN:301,(anonymous_20)
FN:308,(anonymous_21)
FN:314,(anonymous_22)
FN:329,(anonymous_23)
FNF:23
FNH:11
FNDA:10,(anonymous_1)
FNDA:4,(anonymous_2)
FNDA:2,(anonymous_3)
FNDA:2,(anonymous_4)
FNDA:0,(anonymous_5)
FNDA:0,(anonymous_6)
FNDA:0,(anonymous_7)
FNDA:0,(anonymous_8)
FNDA:0,(anonymous_9)
FNDA:0,(anonymous_10)
FNDA:0,(anonymous_11)
FNDA:10,(anonymous_12)
FNDA:10,(anonymous_13)
FNDA:0,(anonymous_14)
FNDA:0,(anonymous_15)
FNDA:0,(anonymous_16)
FNDA:10,(anonymous_17)
FNDA:0,(anonymous_18)
FNDA:10,(anonymous_19)
FNDA:10,(anonymous_20)
FNDA:10,(anonymous_21)
FNDA:0,(anonymous_22)
FNDA:10,(anonymous_23)
DA:181,1
DA:182,1
DA:183,1
DA:184,1
DA:185,1
DA:186,1
DA:191,10
DA:202,4
DA:205,2
DA:206,2
DA:209,2
DA:210,2
DA:211,2
DA:214,0
DA:216,0
DA:217,0
DA:218,0
DA:222,0
DA:223,0
DA:224,0
DA:227,0
DA:231,0
DA:233,0
DA:237,0
DA:241,0
DA:243,0
DA:247,0
DA:251,0
DA:252,0
DA:253,0
DA:255,0
DA:256,0
DA:261,0
DA:265,10
DA:266,10
DA:267,10
DA:268,10
DA:269,10
DA:270,10
DA:274,10
DA:275,0
DA:278,10
DA:279,0
DA:280,0
DA:281,0
DA:284,10
DA:285,0
DA:286,0
DA:287,0
DA:292,10
DA:295,0
DA:298,10
DA:302,10
DA:303,10
DA:304,10
DA:309,10
DA:310,10
DA:315,0
DA:319,0
DA:320,0
DA:321,0
DA:323,0
DA:325,0
DA:330,10
DA:331,10
DA:332,10
DA:333,10
DA:334,10
DA:335,10
DA:336,10
DA:337,10
LF:71
LH:37
BRDA:214,0,0,0
BRDA:214,0,1,0
BRDA:251,1,0,0
BRDA:251,1,1,0
BRDA:252,2,0,0
BRDA:252,2,1,0
BRDA:261,3,0,0
BRDA:261,3,1,0
BRDA:292,4,0,10
BRDA:292,4,1,0
BRDA:302,5,0,10
BRDA:302,5,1,0
BRDA:309,6,0,10
BRDA:309,6,1,0
BRDA:315,7,0,0
BRDA:315,7,1,0
BRDA:315,8,0,0
BRDA:315,8,1,0
BRF:18
BRH:3
end_of_record
TN:
SF:/home/nataset/workfolder/js/webtech/webtech-final/frontend/src/views/Inventory.vue
FN:16,(anonymous_1)
FN:25,(anonymous_2)
FN:28,(anonymous_3)
FNF:3
FNH:3
FNDA:1,(anonymous_1)
FNDA:2,(anonymous_2)
FNDA:1,(anonymous_3)
DA:8,1
DA:9,1
DA:17,1
DA:18,0
DA:19,0
DA:21,1
DA:26,2
DA:29,1
DA:30,1
LF:9
LH:7
BRDA:17,0,0,0
BRDA:17,0,1,1
BRDA:29,1,0,1
BRDA:29,1,1,0
BRF:4
BRH:2
end_of_record
TN:
SF:/home/nataset/workfolder/js/webtech/webtech-final/frontend/src/views/Profile.vue
FN:28,(anonymous_1)
FN:36,(anonymous_2)
FN:40,(anonymous_3)
FNF:3
FNH:3
FNDA:1,(anonymous_1)
FNDA:2,(anonymous_2)
FNDA:1,(anonymous_3)
DA:16,1
DA:17,1
DA:18,1
DA:19,1
DA:20,1
DA:29,1
DA:30,0
DA:31,0
DA:33,1
DA:37,2
DA:41,1
DA:42,1
LF:12
LH:10
BRDA:29,0,0,0
BRDA:29,0,1,1
BRDA:41,1,0,1
BRDA:41,1,1,0
BRF:4
BRH:2
end_of_record
TN:
SF:/home/nataset/workfolder/js/webtech/webtech-final/frontend/src/views/Shop.vue
FN:16,(anonymous_1)
FN:24,(anonymous_2)
FN:28,(anonymous_3)
FNF:3
FNH:3
FNDA:1,(anonymous_1)
FNDA:2,(anonymous_2)
FNDA:1,(anonymous_3)
DA:8,1
DA:9,1
DA:17,1
DA:18,0
DA:19,0
DA:21,1
DA:25,2
DA:29,1
DA:30,1
LF:9
LH:7
BRDA:17,0,0,0
BRDA:17,0,1,1
BRDA:29,1,0,1
BRDA:29,1,1,0
BRF:4
BRH:2
end_of_record
